1585950980115	mozrunner::runner	INFO	Running command: "C:\\Program Files\\Mozilla Firefox\\firefox.exe" "-marionette" "-foreground" "-no-remote" "-profile" "C:\\Users\\3mosh\\AppData\\Local\\Temp\\rust_mozprofileFnBOKy"
1585950985716	addons.webextension.doh-rollout@mozilla.org	WARN	Loading extension 'doh-rollout@mozilla.org': Reading manifest: Invalid extension permission: networkStatus
1585950988092	addons.webextension.screenshots@mozilla.org	WARN	Loading extension 'screenshots@mozilla.org': Reading manifest: Invalid extension permission: mozillaAddons
1585950988093	addons.webextension.screenshots@mozilla.org	WARN	Loading extension 'screenshots@mozilla.org': Reading manifest: Invalid extension permission: telemetry
1585950988104	addons.webextension.screenshots@mozilla.org	WARN	Loading extension 'screenshots@mozilla.org': Reading manifest: Invalid extension permission: resource://pdf.js/
1585950988104	addons.webextension.screenshots@mozilla.org	WARN	Loading extension 'screenshots@mozilla.org': Reading manifest: Invalid extension permission: about:reader*
JavaScript error: resource://gre/modules/XULStore.jsm, line 66: Error: Can't find profile directory.
1585950993694	Marionette	INFO	Listening on port 56389
1585950993864	Marionette	WARN	TLS certificate errors will be ignored for this session
1585951020707	Marionette	INFO	Stopped listening on port 56389

###!!! [Child][RunMessage] Error: Channel closing: too late to send/recv, messages will be lost


###!!! [Child][MessageChannel::SendAndWait] Error: Channel error: cannot send/recv

1585951062022	mozrunner::runner	INFO	Running command: "C:\\Program Files\\Mozilla Firefox\\firefox.exe" "-marionette" "-foreground" "-no-remote" "-profile" "C:\\Users\\3mosh\\AppData\\Local\\Temp\\rust_mozprofileZM1vkC"
1585951062655	addons.webextension.doh-rollout@mozilla.org	WARN	Loading extension 'doh-rollout@mozilla.org': Reading manifest: Invalid extension permission: networkStatus
1585951064017	addons.webextension.screenshots@mozilla.org	WARN	Loading extension 'screenshots@mozilla.org': Reading manifest: Invalid extension permission: mozillaAddons
1585951064017	addons.webextension.screenshots@mozilla.org	WARN	Loading extension 'screenshots@mozilla.org': Reading manifest: Invalid extension permission: telemetry
1585951064017	addons.webextension.screenshots@mozilla.org	WARN	Loading extension 'screenshots@mozilla.org': Reading manifest: Invalid extension permission: resource://pdf.js/
1585951064017	addons.webextension.screenshots@mozilla.org	WARN	Loading extension 'screenshots@mozilla.org': Reading manifest: Invalid extension permission: about:reader*
JavaScript error: resource://gre/modules/XULStore.jsm, line 66: Error: Can't find profile directory.
1585951066261	Marionette	INFO	Listening on port 56447
1585951066752	Marionette	WARN	TLS certificate errors will be ignored for this session
1585951079559	Marionette	INFO	Stopped listening on port 56447

###!!! [Child][RunMessage] Error: Channel closing: too late to send/recv, messages will be lost


###!!! [Child][MessageChannel::SendAndWait] Error: Channel error: cannot send/recv

1585951161127	mozrunner::runner	INFO	Running command: "C:\\Program Files\\Mozilla Firefox\\firefox.exe" "-marionette" "-foreground" "-no-remote" "-profile" "C:\\Users\\3mosh\\AppData\\Local\\Temp\\rust_mozprofileuMQlqh"
1585951161741	addons.webextension.doh-rollout@mozilla.org	WARN	Loading extension 'doh-rollout@mozilla.org': Reading manifest: Invalid extension permission: networkStatus
1585951163235	addons.webextension.screenshots@mozilla.org	WARN	Loading extension 'screenshots@mozilla.org': Reading manifest: Invalid extension permission: mozillaAddons
1585951163235	addons.webextension.screenshots@mozilla.org	WARN	Loading extension 'screenshots@mozilla.org': Reading manifest: Invalid extension permission: telemetry
1585951163235	addons.webextension.screenshots@mozilla.org	WARN	Loading extension 'screenshots@mozilla.org': Reading manifest: Invalid extension permission: resource://pdf.js/
1585951163236	addons.webextension.screenshots@mozilla.org	WARN	Loading extension 'screenshots@mozilla.org': Reading manifest: Invalid extension permission: about:reader*
JavaScript error: resource://gre/modules/XULStore.jsm, line 66: Error: Can't find profile directory.
1585951165559	Marionette	INFO	Listening on port 56494
1585951165875	Marionette	WARN	TLS certificate errors will be ignored for this session
console.warn: LoginRecipes: "getRecipes: falling back to a synchronous message for:" "https://www.facebook.com"
1585951216242	Marionette	INFO	Stopped listening on port 56494

###!!! [Child][RunMessage] Error: Channel closing: too late to send/recv, messages will be lost


###!!! [Child][MessageChannel::SendAndWait] Error: Channel error: cannot send/recv

1585951359682	mozrunner::runner	INFO	Running command: "C:\\Program Files\\Mozilla Firefox\\firefox.exe" "-marionette" "-foreground" "-no-remote" "-profile" "C:\\Users\\3mosh\\AppData\\Local\\Temp\\rust_mozprofilem6I9d5"
1585951360574	addons.webextension.doh-rollout@mozilla.org	WARN	Loading extension 'doh-rollout@mozilla.org': Reading manifest: Invalid extension permission: networkStatus
1585951362091	addons.webextension.screenshots@mozilla.org	WARN	Loading extension 'screenshots@mozilla.org': Reading manifest: Invalid extension permission: mozillaAddons
1585951362092	addons.webextension.screenshots@mozilla.org	WARN	Loading extension 'screenshots@mozilla.org': Reading manifest: Invalid extension permission: telemetry
1585951362092	addons.webextension.screenshots@mozilla.org	WARN	Loading extension 'screenshots@mozilla.org': Reading manifest: Invalid extension permission: resource://pdf.js/
1585951362092	addons.webextension.screenshots@mozilla.org	WARN	Loading extension 'screenshots@mozilla.org': Reading manifest: Invalid extension permission: about:reader*
JavaScript error: resource://gre/modules/XULStore.jsm, line 66: Error: Can't find profile directory.
1585951365350	Marionette	INFO	Listening on port 56576
1585951365514	Marionette	WARN	TLS certificate errors will be ignored for this session
JavaScript warning: https://static.xx.fbcdn.net/rsrc.php/v3/y8/r/LAMwgfprqAE.js?_nc_x=MwkY_HISEE-, line 58: unreachable code after return statement
JavaScript warning: https://static.xx.fbcdn.net/rsrc.php/v3/y8/r/LAMwgfprqAE.js?_nc_x=MwkY_HISEE-, line 58: unreachable code after return statement
JavaScript warning: https://static.xx.fbcdn.net/rsrc.php/v3/y8/r/LAMwgfprqAE.js?_nc_x=MwkY_HISEE-, line 58: unreachable code after return statement
JavaScript error: , line 0: uncaught exception: Object
1585951603163	Marionette	INFO	Stopped listening on port 56576

###!!! [Child][RunMessage] Error: Channel closing: too late to send/recv, messages will be lost


###!!! [Child][MessageChannel::SendAndWait] Error: Channel error: cannot send/recv

1585951872192	mozrunner::runner	INFO	Running command: "C:\\Program Files\\Mozilla Firefox\\firefox.exe" "-marionette" "-foreground" "-no-remote" "-profile" "C:\\Users\\3mosh\\AppData\\Local\\Temp\\rust_mozprofile3I06B5"
1585951873134	addons.webextension.doh-rollout@mozilla.org	WARN	Loading extension 'doh-rollout@mozilla.org': Reading manifest: Invalid extension permission: networkStatus
1585951874591	addons.webextension.screenshots@mozilla.org	WARN	Loading extension 'screenshots@mozilla.org': Reading manifest: Invalid extension permission: mozillaAddons
1585951874592	addons.webextension.screenshots@mozilla.org	WARN	Loading extension 'screenshots@mozilla.org': Reading manifest: Invalid extension permission: telemetry
1585951874592	addons.webextension.screenshots@mozilla.org	WARN	Loading extension 'screenshots@mozilla.org': Reading manifest: Invalid extension permission: resource://pdf.js/
1585951874592	addons.webextension.screenshots@mozilla.org	WARN	Loading extension 'screenshots@mozilla.org': Reading manifest: Invalid extension permission: about:reader*
JavaScript error: resource://gre/modules/XULStore.jsm, line 66: Error: Can't find profile directory.
1585951877917	Marionette	INFO	Listening on port 56769
1585951877936	Marionette	WARN	TLS certificate errors will be ignored for this session
1585951922132	Marionette	WARN	TimedPromise timed out after 500 ms: stacktrace:
TimedPromise/<@chrome://marionette/content/sync.js:244:13
TimedPromise@chrome://marionette/content/sync.js:229:10
interaction.flushEventLoop@chrome://marionette/content/interaction.js:416:10
webdriverClickElement@chrome://marionette/content/interaction.js:182:31
JavaScript warning: https://static.xx.fbcdn.net/rsrc.php/v3/y8/r/LAMwgfprqAE.js?_nc_x=MwkY_HISEE-, line 58: unreachable code after return statement
JavaScript warning: https://static.xx.fbcdn.net/rsrc.php/v3/y8/r/LAMwgfprqAE.js?_nc_x=MwkY_HISEE-, line 58: unreachable code after return statement
JavaScript warning: https://static.xx.fbcdn.net/rsrc.php/v3/y8/r/LAMwgfprqAE.js?_nc_x=MwkY_HISEE-, line 58: unreachable code after return statement
IPDL protocol error: Handler returned error code!

###!!! [Parent][DispatchAsyncMessage] Error: PLayerTransaction::Msg_ReleaseLayer Processing error: message was deserialized, but the handler returned false (indicating failure)

IPDL protocol error: Handler returned error code!

###!!! [Parent][DispatchAsyncMessage] Error: PLayerTransaction::Msg_ReleaseLayer Processing error: message was deserialized, but the handler returned false (indicating failure)

1585951956586	Marionette	INFO	Stopped listening on port 56769

###!!! [Child][MessageChannel::SendAndWait] Error: Channel error: cannot send/recv

1585952171850	mozrunner::runner	INFO	Running command: "C:\\Program Files\\Mozilla Firefox\\firefox.exe" "-marionette" "-foreground" "-no-remote" "-profile" "C:\\Users\\3mosh\\AppData\\Local\\Temp\\rust_mozprofileKH2dUz"
1585952172560	addons.webextension.doh-rollout@mozilla.org	WARN	Loading extension 'doh-rollout@mozilla.org': Reading manifest: Invalid extension permission: networkStatus
1585952174040	addons.webextension.screenshots@mozilla.org	WARN	Loading extension 'screenshots@mozilla.org': Reading manifest: Invalid extension permission: mozillaAddons
1585952174040	addons.webextension.screenshots@mozilla.org	WARN	Loading extension 'screenshots@mozilla.org': Reading manifest: Invalid extension permission: telemetry
1585952174040	addons.webextension.screenshots@mozilla.org	WARN	Loading extension 'screenshots@mozilla.org': Reading manifest: Invalid extension permission: resource://pdf.js/
1585952174041	addons.webextension.screenshots@mozilla.org	WARN	Loading extension 'screenshots@mozilla.org': Reading manifest: Invalid extension permission: about:reader*
JavaScript error: resource://gre/modules/XULStore.jsm, line 66: Error: Can't find profile directory.
1585952176973	Marionette	INFO	Listening on port 56909
1585952177111	Marionette	WARN	TLS certificate errors will be ignored for this session
JavaScript warning: https://static.xx.fbcdn.net/rsrc.php/v3/y8/r/LAMwgfprqAE.js?_nc_x=MwkY_HISEE-, line 58: unreachable code after return statement
JavaScript warning: https://static.xx.fbcdn.net/rsrc.php/v3/y8/r/LAMwgfprqAE.js?_nc_x=MwkY_HISEE-, line 58: unreachable code after return statement
JavaScript warning: https://static.xx.fbcdn.net/rsrc.php/v3/y8/r/LAMwgfprqAE.js?_nc_x=MwkY_HISEE-, line 58: unreachable code after return statement
JavaScript error: , line 0: uncaught exception: Object
1585952240180	Marionette	INFO	Stopped listening on port 56909

###!!! [Child][RunMessage] Error: Channel closing: too late to send/recv, messages will be lost


###!!! [Child][MessageChannel::SendAndWait] Error: Channel error: cannot send/recv

1585952452483	mozrunner::runner	INFO	Running command: "C:\\Program Files\\Mozilla Firefox\\firefox.exe" "-marionette" "-foreground" "-no-remote" "-profile" "C:\\Users\\3mosh\\AppData\\Local\\Temp\\rust_mozprofile1cNCQm"
1585952453133	addons.webextension.doh-rollout@mozilla.org	WARN	Loading extension 'doh-rollout@mozilla.org': Reading manifest: Invalid extension permission: networkStatus
1585952454731	addons.webextension.screenshots@mozilla.org	WARN	Loading extension 'screenshots@mozilla.org': Reading manifest: Invalid extension permission: mozillaAddons
1585952454731	addons.webextension.screenshots@mozilla.org	WARN	Loading extension 'screenshots@mozilla.org': Reading manifest: Invalid extension permission: telemetry
1585952454731	addons.webextension.screenshots@mozilla.org	WARN	Loading extension 'screenshots@mozilla.org': Reading manifest: Invalid extension permission: resource://pdf.js/
1585952454731	addons.webextension.screenshots@mozilla.org	WARN	Loading extension 'screenshots@mozilla.org': Reading manifest: Invalid extension permission: about:reader*
JavaScript error: resource://gre/modules/XULStore.jsm, line 66: Error: Can't find profile directory.
1585952457816	Marionette	INFO	Listening on port 57041
1585952458244	Marionette	WARN	TLS certificate errors will be ignored for this session

###!!! [Parent][RunMessage] Error: Channel closing: too late to send/recv, messages will be lost

JavaScript warning: https://static.xx.fbcdn.net/rsrc.php/v3/y8/r/LAMwgfprqAE.js?_nc_x=MwkY_HISEE-, line 58: unreachable code after return statement
JavaScript warning: https://static.xx.fbcdn.net/rsrc.php/v3/y8/r/LAMwgfprqAE.js?_nc_x=MwkY_HISEE-, line 58: unreachable code after return statement
JavaScript warning: https://static.xx.fbcdn.net/rsrc.php/v3/y8/r/LAMwgfprqAE.js?_nc_x=MwkY_HISEE-, line 58: unreachable code after return statement
[Parent 5100, Gecko_IOThread] WARNING: file z:/task_1583751780/build/src/ipc/chromium/src/chrome/common/ipc_channel_win.cc, line 307
[Parent 5100, Gecko_IOThread] WARNING: file z:/task_1583751780/build/src/ipc/chromium/src/chrome/common/ipc_channel_win.cc, line 307
IPDL protocol error: Handler returned error code!

###!!! [Parent][DispatchAsyncMessage] Error: PLayerTransaction::Msg_ReleaseLayer Processing error: message was deserialized, but the handler returned false (indicating failure)

IPDL protocol error: Handler returned error code!

###!!! [Parent][DispatchAsyncMessage] Error: PLayerTransaction::Msg_ReleaseLayer Processing error: message was deserialized, but the handler returned false (indicating failure)

1585952546443	Marionette	INFO	Stopped listening on port 57041

###!!! [Child][RunMessage] Error: Channel closing: too late to send/recv, messages will be lost

JavaScript error: resource:///modules/sessionstore/SessionStore.jsm, line 5092: NS_ERROR_UNEXPECTED: Component returned failure code: 0x8000ffff (NS_ERROR_UNEXPECTED) [nsIWindowMediator.getEnumerator]
1585952641714	mozrunner::runner	INFO	Running command: "C:\\Program Files\\Mozilla Firefox\\firefox.exe" "-marionette" "-foreground" "-no-remote" "-profile" "C:\\Users\\3mosh\\AppData\\Local\\Temp\\rust_mozprofileupoZDq"
1585952647819	addons.webextension.doh-rollout@mozilla.org	WARN	Loading extension 'doh-rollout@mozilla.org': Reading manifest: Invalid extension permission: networkStatus
1585952650687	addons.webextension.screenshots@mozilla.org	WARN	Loading extension 'screenshots@mozilla.org': Reading manifest: Invalid extension permission: mozillaAddons
1585952650687	addons.webextension.screenshots@mozilla.org	WARN	Loading extension 'screenshots@mozilla.org': Reading manifest: Invalid extension permission: telemetry
1585952650687	addons.webextension.screenshots@mozilla.org	WARN	Loading extension 'screenshots@mozilla.org': Reading manifest: Invalid extension permission: resource://pdf.js/
1585952650687	addons.webextension.screenshots@mozilla.org	WARN	Loading extension 'screenshots@mozilla.org': Reading manifest: Invalid extension permission: about:reader*
JavaScript error: resource://gre/modules/XULStore.jsm, line 66: Error: Can't find profile directory.
1585952654940	Marionette	INFO	Listening on port 57172
1585952655429	Marionette	WARN	TLS certificate errors will be ignored for this session
JavaScript warning: https://static.xx.fbcdn.net/rsrc.php/v3/y8/r/LAMwgfprqAE.js?_nc_x=MwkY_HISEE-, line 58: unreachable code after return statement
JavaScript warning: https://static.xx.fbcdn.net/rsrc.php/v3/y8/r/LAMwgfprqAE.js?_nc_x=MwkY_HISEE-, line 58: unreachable code after return statement
JavaScript warning: https://static.xx.fbcdn.net/rsrc.php/v3/y8/r/LAMwgfprqAE.js?_nc_x=MwkY_HISEE-, line 58: unreachable code after return statement
JavaScript warning: https://static.xx.fbcdn.net/rsrc.php/v3/y8/r/LAMwgfprqAE.js?_nc_x=MwkY_HISEE-, line 58: unreachable code after return statement
JavaScript warning: https://static.xx.fbcdn.net/rsrc.php/v3/y8/r/LAMwgfprqAE.js?_nc_x=MwkY_HISEE-, line 58: unreachable code after return statement
JavaScript warning: https://static.xx.fbcdn.net/rsrc.php/v3/y8/r/LAMwgfprqAE.js?_nc_x=MwkY_HISEE-, line 58: unreachable code after return statement
IPDL protocol error: Handler returned error code!

###!!! [Parent][DispatchAsyncMessage] Error: PLayerTransaction::Msg_ReleaseLayer Processing error: message was deserialized, but the handler returned false (indicating failure)

1585952940931	Marionette	INFO	Stopped listening on port 57172

###!!! [Child][RunMessage] Error: Channel closing: too late to send/recv, messages will be lost


###!!! [Child][MessageChannel::SendAndWait] Error: Channel error: cannot send/recv

1585953227127	mozrunner::runner	INFO	Running command: "C:\\Program Files\\Mozilla Firefox\\firefox.exe" "-marionette" "-foreground" "-no-remote" "-profile" "C:\\Users\\3mosh\\AppData\\Local\\Temp\\rust_mozprofileQfCsBV"
1585953228655	addons.webextension.doh-rollout@mozilla.org	WARN	Loading extension 'doh-rollout@mozilla.org': Reading manifest: Invalid extension permission: networkStatus
1585953230315	addons.webextension.screenshots@mozilla.org	WARN	Loading extension 'screenshots@mozilla.org': Reading manifest: Invalid extension permission: mozillaAddons
1585953230315	addons.webextension.screenshots@mozilla.org	WARN	Loading extension 'screenshots@mozilla.org': Reading manifest: Invalid extension permission: telemetry
1585953230316	addons.webextension.screenshots@mozilla.org	WARN	Loading extension 'screenshots@mozilla.org': Reading manifest: Invalid extension permission: resource://pdf.js/
1585953230316	addons.webextension.screenshots@mozilla.org	WARN	Loading extension 'screenshots@mozilla.org': Reading manifest: Invalid extension permission: about:reader*
JavaScript error: resource://gre/modules/XULStore.jsm, line 66: Error: Can't find profile directory.
1585953234699	Marionette	INFO	Listening on port 57322
1585953234999	Marionette	WARN	TLS certificate errors will be ignored for this session
JavaScript warning: https://static.xx.fbcdn.net/rsrc.php/v3/y8/r/LAMwgfprqAE.js?_nc_x=MwkY_HISEE-, line 58: unreachable code after return statement
JavaScript warning: https://static.xx.fbcdn.net/rsrc.php/v3/y8/r/LAMwgfprqAE.js?_nc_x=MwkY_HISEE-, line 58: unreachable code after return statement
JavaScript warning: https://static.xx.fbcdn.net/rsrc.php/v3/y8/r/LAMwgfprqAE.js?_nc_x=MwkY_HISEE-, line 58: unreachable code after return statement
JavaScript warning: https://static.xx.fbcdn.net/rsrc.php/v3/y8/r/LAMwgfprqAE.js?_nc_x=MwkY_HISEE-, line 58: unreachable code after return statement
JavaScript warning: https://static.xx.fbcdn.net/rsrc.php/v3/y8/r/LAMwgfprqAE.js?_nc_x=MwkY_HISEE-, line 58: unreachable code after return statement
JavaScript warning: https://static.xx.fbcdn.net/rsrc.php/v3/y8/r/LAMwgfprqAE.js?_nc_x=MwkY_HISEE-, line 58: unreachable code after return statement
1585953335319	Marionette	INFO	Stopped listening on port 57322

###!!! [Child][RunMessage] Error: Channel closing: too late to send/recv, messages will be lost


###!!! [Child][MessageChannel::SendAndWait] Error: Channel error: cannot send/recv

1585953448324	mozrunner::runner	INFO	Running command: "C:\\Program Files\\Mozilla Firefox\\firefox.exe" "-marionette" "-foreground" "-no-remote" "-profile" "C:\\Users\\3mosh\\AppData\\Local\\Temp\\rust_mozprofilewZfNir"
1585953448930	addons.webextension.doh-rollout@mozilla.org	WARN	Loading extension 'doh-rollout@mozilla.org': Reading manifest: Invalid extension permission: networkStatus
1585953450368	addons.webextension.screenshots@mozilla.org	WARN	Loading extension 'screenshots@mozilla.org': Reading manifest: Invalid extension permission: mozillaAddons
1585953450368	addons.webextension.screenshots@mozilla.org	WARN	Loading extension 'screenshots@mozilla.org': Reading manifest: Invalid extension permission: telemetry
1585953450369	addons.webextension.screenshots@mozilla.org	WARN	Loading extension 'screenshots@mozilla.org': Reading manifest: Invalid extension permission: resource://pdf.js/
1585953450369	addons.webextension.screenshots@mozilla.org	WARN	Loading extension 'screenshots@mozilla.org': Reading manifest: Invalid extension permission: about:reader*
JavaScript error: resource://gre/modules/XULStore.jsm, line 66: Error: Can't find profile directory.
1585953452729	Marionette	INFO	Listening on port 57438
1585953453058	Marionette	WARN	TLS certificate errors will be ignored for this session
JavaScript warning: https://static.xx.fbcdn.net/rsrc.php/v3/y8/r/LAMwgfprqAE.js?_nc_x=MwkY_HISEE-, line 58: unreachable code after return statement
JavaScript warning: https://static.xx.fbcdn.net/rsrc.php/v3/y8/r/LAMwgfprqAE.js?_nc_x=MwkY_HISEE-, line 58: unreachable code after return statement
JavaScript warning: https://static.xx.fbcdn.net/rsrc.php/v3/y8/r/LAMwgfprqAE.js?_nc_x=MwkY_HISEE-, line 58: unreachable code after return statement
JavaScript warning: https://static.xx.fbcdn.net/rsrc.php/v3/y8/r/LAMwgfprqAE.js?_nc_x=MwkY_HISEE-, line 58: unreachable code after return statement
JavaScript warning: https://static.xx.fbcdn.net/rsrc.php/v3/y8/r/LAMwgfprqAE.js?_nc_x=MwkY_HISEE-, line 58: unreachable code after return statement
JavaScript warning: https://static.xx.fbcdn.net/rsrc.php/v3/y8/r/LAMwgfprqAE.js?_nc_x=MwkY_HISEE-, line 58: unreachable code after return statement
1585953516897	Marionette	INFO	Stopped listening on port 57438

###!!! [Child][RunMessage] Error: Channel closing: too late to send/recv, messages will be lost


###!!! [Child][MessageChannel::SendAndWait] Error: Channel error: cannot send/recv

1585953610610	mozrunner::runner	INFO	Running command: "C:\\Program Files\\Mozilla Firefox\\firefox.exe" "-marionette" "-foreground" "-no-remote" "-profile" "C:\\Users\\3mosh\\AppData\\Local\\Temp\\rust_mozprofileqSW36O"
1585953611574	addons.webextension.doh-rollout@mozilla.org	WARN	Loading extension 'doh-rollout@mozilla.org': Reading manifest: Invalid extension permission: networkStatus
1585953612984	addons.webextension.screenshots@mozilla.org	WARN	Loading extension 'screenshots@mozilla.org': Reading manifest: Invalid extension permission: mozillaAddons
1585953612985	addons.webextension.screenshots@mozilla.org	WARN	Loading extension 'screenshots@mozilla.org': Reading manifest: Invalid extension permission: telemetry
1585953612985	addons.webextension.screenshots@mozilla.org	WARN	Loading extension 'screenshots@mozilla.org': Reading manifest: Invalid extension permission: resource://pdf.js/
1585953612986	addons.webextension.screenshots@mozilla.org	WARN	Loading extension 'screenshots@mozilla.org': Reading manifest: Invalid extension permission: about:reader*
JavaScript error: resource://gre/modules/XULStore.jsm, line 66: Error: Can't find profile directory.
1585953615827	Marionette	INFO	Listening on port 57534
1585953615845	Marionette	WARN	TLS certificate errors will be ignored for this session
JavaScript warning: https://static.xx.fbcdn.net/rsrc.php/v3/y8/r/LAMwgfprqAE.js?_nc_x=MwkY_HISEE-, line 58: unreachable code after return statement
JavaScript warning: https://static.xx.fbcdn.net/rsrc.php/v3/y8/r/LAMwgfprqAE.js?_nc_x=MwkY_HISEE-, line 58: unreachable code after return statement
JavaScript warning: https://static.xx.fbcdn.net/rsrc.php/v3/y8/r/LAMwgfprqAE.js?_nc_x=MwkY_HISEE-, line 58: unreachable code after return statement
JavaScript warning: https://static.xx.fbcdn.net/rsrc.php/v3/y8/r/LAMwgfprqAE.js?_nc_x=MwkY_HISEE-, line 58: unreachable code after return statement
JavaScript warning: https://static.xx.fbcdn.net/rsrc.php/v3/y8/r/LAMwgfprqAE.js?_nc_x=MwkY_HISEE-, line 58: unreachable code after return statement
JavaScript warning: https://static.xx.fbcdn.net/rsrc.php/v3/y8/r/LAMwgfprqAE.js?_nc_x=MwkY_HISEE-, line 58: unreachable code after return statement
IPDL protocol error: Handler returned error code!

###!!! [Parent][DispatchAsyncMessage] Error: PLayerTransaction::Msg_ReleaseLayer Processing error: message was deserialized, but the handler returned false (indicating failure)


###!!! [Child][RunMessage] Error: Channel closing: too late to send/recv, messages will be lost


###!!! [Child][RunMessage] Error: Channel closing: too late to send/recv, messages will be lost

1585953695434	Marionette	INFO	Stopped listening on port 57534

###!!! [Child][RunMessage] Error: Channel closing: too late to send/recv, messages will be lost


###!!! [Child][MessageChannel::SendAndWait] Error: Channel error: cannot send/recv

1585953942658	mozrunner::runner	INFO	Running command: "C:\\Program Files\\Mozilla Firefox\\firefox.exe" "-marionette" "-foreground" "-no-remote" "-profile" "C:\\Users\\3mosh\\AppData\\Local\\Temp\\rust_mozprofilekqyO2p"
1585953944751	addons.webextension.doh-rollout@mozilla.org	WARN	Loading extension 'doh-rollout@mozilla.org': Reading manifest: Invalid extension permission: networkStatus
1585953946326	addons.webextension.screenshots@mozilla.org	WARN	Loading extension 'screenshots@mozilla.org': Reading manifest: Invalid extension permission: mozillaAddons
1585953946326	addons.webextension.screenshots@mozilla.org	WARN	Loading extension 'screenshots@mozilla.org': Reading manifest: Invalid extension permission: telemetry
1585953946326	addons.webextension.screenshots@mozilla.org	WARN	Loading extension 'screenshots@mozilla.org': Reading manifest: Invalid extension permission: resource://pdf.js/
1585953946326	addons.webextension.screenshots@mozilla.org	WARN	Loading extension 'screenshots@mozilla.org': Reading manifest: Invalid extension permission: about:reader*
JavaScript error: resource://gre/modules/XULStore.jsm, line 66: Error: Can't find profile directory.
1585953949332	Marionette	INFO	Listening on port 57647
1585953949512	Marionette	WARN	TLS certificate errors will be ignored for this session
1585953984034	Marionette	INFO	Stopped listening on port 57647

###!!! [Child][RunMessage] Error: Channel closing: too late to send/recv, messages will be lost


###!!! [Child][MessageChannel::SendAndWait] Error: Channel error: cannot send/recv

1585953990327	mozrunner::runner	INFO	Running command: "C:\\Program Files\\Mozilla Firefox\\firefox.exe" "-marionette" "-foreground" "-no-remote" "-profile" "C:\\Users\\3mosh\\AppData\\Local\\Temp\\rust_mozprofileQ5LAWK"
1585953990939	addons.webextension.doh-rollout@mozilla.org	WARN	Loading extension 'doh-rollout@mozilla.org': Reading manifest: Invalid extension permission: networkStatus
1585953992731	addons.webextension.screenshots@mozilla.org	WARN	Loading extension 'screenshots@mozilla.org': Reading manifest: Invalid extension permission: mozillaAddons
1585953992731	addons.webextension.screenshots@mozilla.org	WARN	Loading extension 'screenshots@mozilla.org': Reading manifest: Invalid extension permission: telemetry
1585953992732	addons.webextension.screenshots@mozilla.org	WARN	Loading extension 'screenshots@mozilla.org': Reading manifest: Invalid extension permission: resource://pdf.js/
1585953992732	addons.webextension.screenshots@mozilla.org	WARN	Loading extension 'screenshots@mozilla.org': Reading manifest: Invalid extension permission: about:reader*
JavaScript error: resource://gre/modules/XULStore.jsm, line 66: Error: Can't find profile directory.
1585953995227	Marionette	INFO	Listening on port 57707
1585953995569	Marionette	WARN	TLS certificate errors will be ignored for this session
JavaScript warning: https://static.xx.fbcdn.net/rsrc.php/v3/y8/r/LAMwgfprqAE.js?_nc_x=MwkY_HISEE-, line 58: unreachable code after return statement
JavaScript warning: https://static.xx.fbcdn.net/rsrc.php/v3/y8/r/LAMwgfprqAE.js?_nc_x=MwkY_HISEE-, line 58: unreachable code after return statement
JavaScript warning: https://static.xx.fbcdn.net/rsrc.php/v3/y8/r/LAMwgfprqAE.js?_nc_x=MwkY_HISEE-, line 58: unreachable code after return statement
JavaScript warning: https://static.xx.fbcdn.net/rsrc.php/v3/y8/r/LAMwgfprqAE.js?_nc_x=MwkY_HISEE-, line 58: unreachable code after return statement
JavaScript warning: https://static.xx.fbcdn.net/rsrc.php/v3/y8/r/LAMwgfprqAE.js?_nc_x=MwkY_HISEE-, line 58: unreachable code after return statement
JavaScript warning: https://static.xx.fbcdn.net/rsrc.php/v3/y8/r/LAMwgfprqAE.js?_nc_x=MwkY_HISEE-, line 58: unreachable code after return statement
1585954155823	Marionette	INFO	Stopped listening on port 57707

###!!! [Child][RunMessage] Error: Channel closing: too late to send/recv, messages will be lost


###!!! [Child][MessageChannel::SendAndWait] Error: Channel error: cannot send/recv

1585954195165	mozrunner::runner	INFO	Running command: "C:\\Program Files\\Mozilla Firefox\\firefox.exe" "-marionette" "-foreground" "-no-remote" "-profile" "C:\\Users\\3mosh\\AppData\\Local\\Temp\\rust_mozprofileVWKA6w"
1585954195953	addons.webextension.doh-rollout@mozilla.org	WARN	Loading extension 'doh-rollout@mozilla.org': Reading manifest: Invalid extension permission: networkStatus
1585954197349	addons.webextension.screenshots@mozilla.org	WARN	Loading extension 'screenshots@mozilla.org': Reading manifest: Invalid extension permission: mozillaAddons
1585954197349	addons.webextension.screenshots@mozilla.org	WARN	Loading extension 'screenshots@mozilla.org': Reading manifest: Invalid extension permission: telemetry
1585954197350	addons.webextension.screenshots@mozilla.org	WARN	Loading extension 'screenshots@mozilla.org': Reading manifest: Invalid extension permission: resource://pdf.js/
1585954197350	addons.webextension.screenshots@mozilla.org	WARN	Loading extension 'screenshots@mozilla.org': Reading manifest: Invalid extension permission: about:reader*
JavaScript error: resource://gre/modules/XULStore.jsm, line 66: Error: Can't find profile directory.
1585954199972	Marionette	INFO	Listening on port 57803
1585954200412	Marionette	WARN	TLS certificate errors will be ignored for this session
JavaScript warning: https://static.xx.fbcdn.net/rsrc.php/v3/y8/r/LAMwgfprqAE.js?_nc_x=MwkY_HISEE-, line 58: unreachable code after return statement
JavaScript warning: https://static.xx.fbcdn.net/rsrc.php/v3/y8/r/LAMwgfprqAE.js?_nc_x=MwkY_HISEE-, line 58: unreachable code after return statement
JavaScript warning: https://static.xx.fbcdn.net/rsrc.php/v3/y8/r/LAMwgfprqAE.js?_nc_x=MwkY_HISEE-, line 58: unreachable code after return statement
JavaScript warning: https://static.xx.fbcdn.net/rsrc.php/v3/y8/r/LAMwgfprqAE.js?_nc_x=MwkY_HISEE-, line 58: unreachable code after return statement
JavaScript warning: https://static.xx.fbcdn.net/rsrc.php/v3/y8/r/LAMwgfprqAE.js?_nc_x=MwkY_HISEE-, line 58: unreachable code after return statement
JavaScript warning: https://static.xx.fbcdn.net/rsrc.php/v3/y8/r/LAMwgfprqAE.js?_nc_x=MwkY_HISEE-, line 58: unreachable code after return statement
1585954265254	Marionette	WARN	TimedPromise timed out after 500 ms: stacktrace:
TimedPromise/<@chrome://marionette/content/sync.js:244:13
TimedPromise@chrome://marionette/content/sync.js:229:10
interaction.flushEventLoop@chrome://marionette/content/interaction.js:416:10
webdriverClickElement@chrome://marionette/content/interaction.js:182:31
[Parent 8832, Gecko_IOThread] WARNING: file z:/task_1583751780/build/src/ipc/chromium/src/base/process_util_win.cc, line 160
1585954323136	Marionette	INFO	Stopped listening on port 57803

###!!! [Child][MessageChannel::SendAndWait] Error: Channel error: cannot send/recv

1585954353273	mozrunner::runner	INFO	Running command: "C:\\Program Files\\Mozilla Firefox\\firefox.exe" "-marionette" "-foreground" "-no-remote" "-profile" "C:\\Users\\3mosh\\AppData\\Local\\Temp\\rust_mozprofileYWDG45"
1585954358436	addons.webextension.doh-rollout@mozilla.org	WARN	Loading extension 'doh-rollout@mozilla.org': Reading manifest: Invalid extension permission: networkStatus
1585954360199	addons.webextension.screenshots@mozilla.org	WARN	Loading extension 'screenshots@mozilla.org': Reading manifest: Invalid extension permission: mozillaAddons
1585954360199	addons.webextension.screenshots@mozilla.org	WARN	Loading extension 'screenshots@mozilla.org': Reading manifest: Invalid extension permission: telemetry
1585954360200	addons.webextension.screenshots@mozilla.org	WARN	Loading extension 'screenshots@mozilla.org': Reading manifest: Invalid extension permission: resource://pdf.js/
1585954360200	addons.webextension.screenshots@mozilla.org	WARN	Loading extension 'screenshots@mozilla.org': Reading manifest: Invalid extension permission: about:reader*
JavaScript error: resource://gre/modules/XULStore.jsm, line 66: Error: Can't find profile directory.
1585954363498	Marionette	INFO	Listening on port 57887
1585954363797	Marionette	WARN	TLS certificate errors will be ignored for this session
JavaScript warning: https://static.xx.fbcdn.net/rsrc.php/v3/y8/r/LAMwgfprqAE.js?_nc_x=MwkY_HISEE-, line 58: unreachable code after return statement
JavaScript warning: https://static.xx.fbcdn.net/rsrc.php/v3/y8/r/LAMwgfprqAE.js?_nc_x=MwkY_HISEE-, line 58: unreachable code after return statement
JavaScript warning: https://static.xx.fbcdn.net/rsrc.php/v3/y8/r/LAMwgfprqAE.js?_nc_x=MwkY_HISEE-, line 58: unreachable code after return statement
JavaScript warning: https://static.xx.fbcdn.net/rsrc.php/v3/y8/r/LAMwgfprqAE.js?_nc_x=MwkY_HISEE-, line 58: unreachable code after return statement
JavaScript warning: https://static.xx.fbcdn.net/rsrc.php/v3/y8/r/LAMwgfprqAE.js?_nc_x=MwkY_HISEE-, line 58: unreachable code after return statement
JavaScript warning: https://static.xx.fbcdn.net/rsrc.php/v3/y8/r/LAMwgfprqAE.js?_nc_x=MwkY_HISEE-, line 58: unreachable code after return statement
1585954431457	Marionette	WARN	TimedPromise timed out after 500 ms: stacktrace:
TimedPromise/<@chrome://marionette/content/sync.js:244:13
TimedPromise@chrome://marionette/content/sync.js:229:10
interaction.flushEventLoop@chrome://marionette/content/interaction.js:416:10
webdriverClickElement@chrome://marionette/content/interaction.js:182:31
IPDL protocol error: Handler returned error code!

###!!! [Parent][DispatchAsyncMessage] Error: PLayerTransaction::Msg_ReleaseLayer Processing error: message was deserialized, but the handler returned false (indicating failure)

1585954478520	Marionette	INFO	Stopped listening on port 57887

###!!! [Child][RunMessage] Error: Channel closing: too late to send/recv, messages will be lost


###!!! [Child][MessageChannel::SendAndWait] Error: Channel error: cannot send/recv

1585954499788	mozrunner::runner	INFO	Running command: "C:\\Program Files\\Mozilla Firefox\\firefox.exe" "-marionette" "-foreground" "-no-remote" "-profile" "C:\\Users\\3mosh\\AppData\\Local\\Temp\\rust_mozprofileC1KkBr"
1585954500850	addons.webextension.doh-rollout@mozilla.org	WARN	Loading extension 'doh-rollout@mozilla.org': Reading manifest: Invalid extension permission: networkStatus
1585954503264	addons.webextension.screenshots@mozilla.org	WARN	Loading extension 'screenshots@mozilla.org': Reading manifest: Invalid extension permission: mozillaAddons
1585954503264	addons.webextension.screenshots@mozilla.org	WARN	Loading extension 'screenshots@mozilla.org': Reading manifest: Invalid extension permission: telemetry
1585954503265	addons.webextension.screenshots@mozilla.org	WARN	Loading extension 'screenshots@mozilla.org': Reading manifest: Invalid extension permission: resource://pdf.js/
1585954503265	addons.webextension.screenshots@mozilla.org	WARN	Loading extension 'screenshots@mozilla.org': Reading manifest: Invalid extension permission: about:reader*
JavaScript error: resource://gre/modules/XULStore.jsm, line 66: Error: Can't find profile directory.
1585954506361	Marionette	INFO	Listening on port 57970
1585954506648	Marionette	WARN	TLS certificate errors will be ignored for this session
JavaScript warning: https://static.xx.fbcdn.net/rsrc.php/v3/y8/r/LAMwgfprqAE.js?_nc_x=MwkY_HISEE-, line 58: unreachable code after return statement
JavaScript warning: https://static.xx.fbcdn.net/rsrc.php/v3/y8/r/LAMwgfprqAE.js?_nc_x=MwkY_HISEE-, line 58: unreachable code after return statement
JavaScript warning: https://static.xx.fbcdn.net/rsrc.php/v3/y8/r/LAMwgfprqAE.js?_nc_x=MwkY_HISEE-, line 58: unreachable code after return statement
JavaScript warning: https://static.xx.fbcdn.net/rsrc.php/v3/y8/r/LAMwgfprqAE.js?_nc_x=MwkY_HISEE-, line 58: unreachable code after return statement
JavaScript warning: https://static.xx.fbcdn.net/rsrc.php/v3/y8/r/LAMwgfprqAE.js?_nc_x=MwkY_HISEE-, line 58: unreachable code after return statement
JavaScript warning: https://static.xx.fbcdn.net/rsrc.php/v3/y8/r/LAMwgfprqAE.js?_nc_x=MwkY_HISEE-, line 58: unreachable code after return statement
IPDL protocol error: Handler returned error code!

###!!! [Parent][DispatchAsyncMessage] Error: PLayerTransaction::Msg_ReleaseLayer Processing error: message was deserialized, but the handler returned false (indicating failure)

1585954634734	Marionette	INFO	Stopped listening on port 57970

###!!! [Child][RunMessage] Error: Channel closing: too late to send/recv, messages will be lost


###!!! [Child][MessageChannel::SendAndWait] Error: Channel error: cannot send/recv

1585954650592	mozrunner::runner	INFO	Running command: "C:\\Program Files\\Mozilla Firefox\\firefox.exe" "-marionette" "-foreground" "-no-remote" "-profile" "C:\\Users\\3mosh\\AppData\\Local\\Temp\\rust_mozprofileQbs2qo"
1585954655893	addons.webextension.doh-rollout@mozilla.org	WARN	Loading extension 'doh-rollout@mozilla.org': Reading manifest: Invalid extension permission: networkStatus
1585954659241	addons.webextension.screenshots@mozilla.org	WARN	Loading extension 'screenshots@mozilla.org': Reading manifest: Invalid extension permission: mozillaAddons
1585954659241	addons.webextension.screenshots@mozilla.org	WARN	Loading extension 'screenshots@mozilla.org': Reading manifest: Invalid extension permission: telemetry
1585954659241	addons.webextension.screenshots@mozilla.org	WARN	Loading extension 'screenshots@mozilla.org': Reading manifest: Invalid extension permission: resource://pdf.js/
1585954659241	addons.webextension.screenshots@mozilla.org	WARN	Loading extension 'screenshots@mozilla.org': Reading manifest: Invalid extension permission: about:reader*
JavaScript error: resource://gre/modules/XULStore.jsm, line 66: Error: Can't find profile directory.
1585954664162	Marionette	INFO	Listening on port 58054
1585954664308	Marionette	WARN	TLS certificate errors will be ignored for this session
JavaScript warning: https://static.xx.fbcdn.net/rsrc.php/v3/y8/r/LAMwgfprqAE.js?_nc_x=MwkY_HISEE-, line 58: unreachable code after return statement
JavaScript warning: https://static.xx.fbcdn.net/rsrc.php/v3/y8/r/LAMwgfprqAE.js?_nc_x=MwkY_HISEE-, line 58: unreachable code after return statement
JavaScript warning: https://static.xx.fbcdn.net/rsrc.php/v3/y8/r/LAMwgfprqAE.js?_nc_x=MwkY_HISEE-, line 58: unreachable code after return statement
JavaScript warning: https://static.xx.fbcdn.net/rsrc.php/v3/y8/r/LAMwgfprqAE.js?_nc_x=MwkY_HISEE-, line 58: unreachable code after return statement
JavaScript warning: https://static.xx.fbcdn.net/rsrc.php/v3/y8/r/LAMwgfprqAE.js?_nc_x=MwkY_HISEE-, line 58: unreachable code after return statement
JavaScript warning: https://static.xx.fbcdn.net/rsrc.php/v3/y8/r/LAMwgfprqAE.js?_nc_x=MwkY_HISEE-, line 58: unreachable code after return statement
1585954729463	Marionette	WARN	TimedPromise timed out after 500 ms: stacktrace:
TimedPromise/<@chrome://marionette/content/sync.js:244:13
TimedPromise@chrome://marionette/content/sync.js:229:10
interaction.flushEventLoop@chrome://marionette/content/interaction.js:416:10
webdriverClickElement@chrome://marionette/content/interaction.js:182:31
IPDL protocol error: Handler returned error code!

###!!! [Parent][DispatchAsyncMessage] Error: PLayerTransaction::Msg_ReleaseLayer Processing error: message was deserialized, but the handler returned false (indicating failure)

1585954792927	Marionette	INFO	Stopped listening on port 58054

###!!! [Child][RunMessage] Error: Channel closing: too late to send/recv, messages will be lost


###!!! [Child][MessageChannel::SendAndWait] Error: Channel error: cannot send/recv

1585954802249	mozrunner::runner	INFO	Running command: "C:\\Program Files\\Mozilla Firefox\\firefox.exe" "-marionette" "-foreground" "-no-remote" "-profile" "C:\\Users\\3mosh\\AppData\\Local\\Temp\\rust_mozprofile8Rbl90"
1585954803563	addons.webextension.doh-rollout@mozilla.org	WARN	Loading extension 'doh-rollout@mozilla.org': Reading manifest: Invalid extension permission: networkStatus
1585954805490	addons.webextension.screenshots@mozilla.org	WARN	Loading extension 'screenshots@mozilla.org': Reading manifest: Invalid extension permission: mozillaAddons
1585954805490	addons.webextension.screenshots@mozilla.org	WARN	Loading extension 'screenshots@mozilla.org': Reading manifest: Invalid extension permission: telemetry
1585954805490	addons.webextension.screenshots@mozilla.org	WARN	Loading extension 'screenshots@mozilla.org': Reading manifest: Invalid extension permission: resource://pdf.js/
1585954805490	addons.webextension.screenshots@mozilla.org	WARN	Loading extension 'screenshots@mozilla.org': Reading manifest: Invalid extension permission: about:reader*
JavaScript error: resource://gre/modules/XULStore.jsm, line 66: Error: Can't find profile directory.
1585954808981	Marionette	INFO	Listening on port 58134
1585954809128	Marionette	WARN	TLS certificate errors will be ignored for this session
JavaScript error: resource://gre/modules/UrlClassifierListManager.jsm, line 680: TypeError: this.tablesData[table] is undefined
1585954834247	Marionette	INFO	Stopped listening on port 58134

###!!! [Child][RunMessage] Error: Channel closing: too late to send/recv, messages will be lost


###!!! [Child][MessageChannel::SendAndWait] Error: Channel error: cannot send/recv

1585954840407	mozrunner::runner	INFO	Running command: "C:\\Program Files\\Mozilla Firefox\\firefox.exe" "-marionette" "-foreground" "-no-remote" "-profile" "C:\\Users\\3mosh\\AppData\\Local\\Temp\\rust_mozprofileJ1GopD"
1585954841859	addons.webextension.doh-rollout@mozilla.org	WARN	Loading extension 'doh-rollout@mozilla.org': Reading manifest: Invalid extension permission: networkStatus
1585954844289	addons.webextension.screenshots@mozilla.org	WARN	Loading extension 'screenshots@mozilla.org': Reading manifest: Invalid extension permission: mozillaAddons
1585954844289	addons.webextension.screenshots@mozilla.org	WARN	Loading extension 'screenshots@mozilla.org': Reading manifest: Invalid extension permission: telemetry
1585954844290	addons.webextension.screenshots@mozilla.org	WARN	Loading extension 'screenshots@mozilla.org': Reading manifest: Invalid extension permission: resource://pdf.js/
1585954844290	addons.webextension.screenshots@mozilla.org	WARN	Loading extension 'screenshots@mozilla.org': Reading manifest: Invalid extension permission: about:reader*
JavaScript error: resource://gre/modules/XULStore.jsm, line 66: Error: Can't find profile directory.
1585954847691	Marionette	INFO	Listening on port 58195
1585954848143	Marionette	WARN	TLS certificate errors will be ignored for this session
JavaScript warning: https://static.xx.fbcdn.net/rsrc.php/v3/y8/r/LAMwgfprqAE.js?_nc_x=MwkY_HISEE-, line 58: unreachable code after return statement
JavaScript warning: https://static.xx.fbcdn.net/rsrc.php/v3/y8/r/LAMwgfprqAE.js?_nc_x=MwkY_HISEE-, line 58: unreachable code after return statement
JavaScript warning: https://static.xx.fbcdn.net/rsrc.php/v3/y8/r/LAMwgfprqAE.js?_nc_x=MwkY_HISEE-, line 58: unreachable code after return statement
JavaScript warning: https://static.xx.fbcdn.net/rsrc.php/v3/y8/r/LAMwgfprqAE.js?_nc_x=MwkY_HISEE-, line 58: unreachable code after return statement
JavaScript warning: https://static.xx.fbcdn.net/rsrc.php/v3/y8/r/LAMwgfprqAE.js?_nc_x=MwkY_HISEE-, line 58: unreachable code after return statement
JavaScript warning: https://static.xx.fbcdn.net/rsrc.php/v3/y8/r/LAMwgfprqAE.js?_nc_x=MwkY_HISEE-, line 58: unreachable code after return statement
1585954913028	Marionette	WARN	TimedPromise timed out after 500 ms: stacktrace:
TimedPromise/<@chrome://marionette/content/sync.js:244:13
TimedPromise@chrome://marionette/content/sync.js:229:10
interaction.flushEventLoop@chrome://marionette/content/interaction.js:416:10
webdriverClickElement@chrome://marionette/content/interaction.js:182:31
IPDL protocol error: Handler returned error code!

###!!! [Parent][DispatchAsyncMessage] Error: PLayerTransaction::Msg_ReleaseLayer Processing error: message was deserialized, but the handler returned false (indicating failure)

1585954962095	Marionette	INFO	Stopped listening on port 58195

###!!! [Child][RunMessage] Error: Channel closing: too late to send/recv, messages will be lost


###!!! [Child][MessageChannel::SendAndWait] Error: Channel error: cannot send/recv

1585954984389	mozrunner::runner	INFO	Running command: "C:\\Program Files\\Mozilla Firefox\\firefox.exe" "-marionette" "-foreground" "-no-remote" "-profile" "C:\\Users\\3mosh\\AppData\\Local\\Temp\\rust_mozprofileJl3N1H"
1585954986507	addons.webextension.doh-rollout@mozilla.org	WARN	Loading extension 'doh-rollout@mozilla.org': Reading manifest: Invalid extension permission: networkStatus
1585954988400	addons.webextension.screenshots@mozilla.org	WARN	Loading extension 'screenshots@mozilla.org': Reading manifest: Invalid extension permission: mozillaAddons
1585954988400	addons.webextension.screenshots@mozilla.org	WARN	Loading extension 'screenshots@mozilla.org': Reading manifest: Invalid extension permission: telemetry
1585954988401	addons.webextension.screenshots@mozilla.org	WARN	Loading extension 'screenshots@mozilla.org': Reading manifest: Invalid extension permission: resource://pdf.js/
1585954988401	addons.webextension.screenshots@mozilla.org	WARN	Loading extension 'screenshots@mozilla.org': Reading manifest: Invalid extension permission: about:reader*
JavaScript error: resource://gre/modules/XULStore.jsm, line 66: Error: Can't find profile directory.
1585954993264	Marionette	INFO	Listening on port 58306
1585954993361	Marionette	WARN	TLS certificate errors will be ignored for this session
JavaScript warning: https://static.xx.fbcdn.net/rsrc.php/v3/y8/r/LAMwgfprqAE.js?_nc_x=MwkY_HISEE-, line 58: unreachable code after return statement
JavaScript warning: https://static.xx.fbcdn.net/rsrc.php/v3/y8/r/LAMwgfprqAE.js?_nc_x=MwkY_HISEE-, line 58: unreachable code after return statement
JavaScript warning: https://static.xx.fbcdn.net/rsrc.php/v3/y8/r/LAMwgfprqAE.js?_nc_x=MwkY_HISEE-, line 58: unreachable code after return statement
JavaScript warning: https://static.xx.fbcdn.net/rsrc.php/v3/y8/r/LAMwgfprqAE.js?_nc_x=MwkY_HISEE-, line 58: unreachable code after return statement
JavaScript warning: https://static.xx.fbcdn.net/rsrc.php/v3/y8/r/LAMwgfprqAE.js?_nc_x=MwkY_HISEE-, line 58: unreachable code after return statement
JavaScript warning: https://static.xx.fbcdn.net/rsrc.php/v3/y8/r/LAMwgfprqAE.js?_nc_x=MwkY_HISEE-, line 58: unreachable code after return statement
1585955048762	Marionette	WARN	TimedPromise timed out after 500 ms: stacktrace:
TimedPromise/<@chrome://marionette/content/sync.js:244:13
TimedPromise@chrome://marionette/content/sync.js:229:10
interaction.flushEventLoop@chrome://marionette/content/interaction.js:416:10
webdriverClickElement@chrome://marionette/content/interaction.js:182:31
IPDL protocol error: Handler returned error code!

###!!! [Parent][DispatchAsyncMessage] Error: PLayerTransaction::Msg_ReleaseLayer Processing error: message was deserialized, but the handler returned false (indicating failure)

JavaScript error: , line 0: AbortError: A request was aborted, for example through a call to IDBTransaction.abort.
1585955152407	Marionette	INFO	Stopped listening on port 58306

###!!! [Child][RunMessage] Error: Channel closing: too late to send/recv, messages will be lost


###!!! [Child][MessageChannel::SendAndWait] Error: Channel error: cannot send/recv

1585955166690	mozrunner::runner	INFO	Running command: "C:\\Program Files\\Mozilla Firefox\\firefox.exe" "-marionette" "-foreground" "-no-remote" "-profile" "C:\\Users\\3mosh\\AppData\\Local\\Temp\\rust_mozprofile11kBiw"
1585955202032	mozrunner::runner	INFO	Running command: "C:\\Program Files\\Mozilla Firefox\\firefox.exe" "-marionette" "-foreground" "-no-remote" "-profile" "C:\\Users\\3mosh\\AppData\\Local\\Temp\\rust_mozprofileBT5TZP"
1585955203797	addons.webextension.doh-rollout@mozilla.org	WARN	Loading extension 'doh-rollout@mozilla.org': Reading manifest: Invalid extension permission: networkStatus
1585955207037	addons.webextension.screenshots@mozilla.org	WARN	Loading extension 'screenshots@mozilla.org': Reading manifest: Invalid extension permission: mozillaAddons
1585955207037	addons.webextension.screenshots@mozilla.org	WARN	Loading extension 'screenshots@mozilla.org': Reading manifest: Invalid extension permission: telemetry
1585955207038	addons.webextension.screenshots@mozilla.org	WARN	Loading extension 'screenshots@mozilla.org': Reading manifest: Invalid extension permission: resource://pdf.js/
1585955207038	addons.webextension.screenshots@mozilla.org	WARN	Loading extension 'screenshots@mozilla.org': Reading manifest: Invalid extension permission: about:reader*
JavaScript error: resource://gre/modules/XULStore.jsm, line 66: Error: Can't find profile directory.
1585955209482	Marionette	INFO	Listening on port 58439
1585955209884	Marionette	WARN	TLS certificate errors will be ignored for this session
JavaScript warning: https://static.xx.fbcdn.net/rsrc.php/v3/y8/r/LAMwgfprqAE.js?_nc_x=MwkY_HISEE-, line 58: unreachable code after return statement
JavaScript warning: https://static.xx.fbcdn.net/rsrc.php/v3/y8/r/LAMwgfprqAE.js?_nc_x=MwkY_HISEE-, line 58: unreachable code after return statement
JavaScript warning: https://static.xx.fbcdn.net/rsrc.php/v3/y8/r/LAMwgfprqAE.js?_nc_x=MwkY_HISEE-, line 58: unreachable code after return statement
JavaScript warning: https://static.xx.fbcdn.net/rsrc.php/v3/y8/r/LAMwgfprqAE.js?_nc_x=MwkY_HISEE-, line 58: unreachable code after return statement
JavaScript warning: https://static.xx.fbcdn.net/rsrc.php/v3/y8/r/LAMwgfprqAE.js?_nc_x=MwkY_HISEE-, line 58: unreachable code after return statement
JavaScript warning: https://static.xx.fbcdn.net/rsrc.php/v3/y8/r/LAMwgfprqAE.js?_nc_x=MwkY_HISEE-, line 58: unreachable code after return statement
1585955267785	Marionette	WARN	TimedPromise timed out after 500 ms: stacktrace:
TimedPromise/<@chrome://marionette/content/sync.js:244:13
TimedPromise@chrome://marionette/content/sync.js:229:10
interaction.flushEventLoop@chrome://marionette/content/interaction.js:416:10
webdriverClickElement@chrome://marionette/content/interaction.js:182:31
IPDL protocol error: Handler returned error code!

###!!! [Parent][DispatchAsyncMessage] Error: PLayerTransaction::Msg_ReleaseLayer Processing error: message was deserialized, but the handler returned false (indicating failure)

JavaScript error: , line 0: AbortError: A request was aborted, for example through a call to IDBTransaction.abort.
1585955534528	Marionette	INFO	Stopped listening on port 58439

###!!! [Child][RunMessage] Error: Channel closing: too late to send/recv, messages will be lost


###!!! [Child][MessageChannel::SendAndWait] Error: Channel error: cannot send/recv

1585955582525	mozrunner::runner	INFO	Running command: "C:\\Program Files\\Mozilla Firefox\\firefox.exe" "-marionette" "-foreground" "-no-remote" "-profile" "C:\\Users\\3mosh\\AppData\\Local\\Temp\\rust_mozprofilewfqXGZ"
1585955583821	addons.webextension.doh-rollout@mozilla.org	WARN	Loading extension 'doh-rollout@mozilla.org': Reading manifest: Invalid extension permission: networkStatus
1585955585305	addons.webextension.screenshots@mozilla.org	WARN	Loading extension 'screenshots@mozilla.org': Reading manifest: Invalid extension permission: mozillaAddons
1585955585306	addons.webextension.screenshots@mozilla.org	WARN	Loading extension 'screenshots@mozilla.org': Reading manifest: Invalid extension permission: telemetry
1585955585306	addons.webextension.screenshots@mozilla.org	WARN	Loading extension 'screenshots@mozilla.org': Reading manifest: Invalid extension permission: resource://pdf.js/
1585955585306	addons.webextension.screenshots@mozilla.org	WARN	Loading extension 'screenshots@mozilla.org': Reading manifest: Invalid extension permission: about:reader*
JavaScript error: resource://gre/modules/XULStore.jsm, line 66: Error: Can't find profile directory.
1585955589550	Marionette	INFO	Listening on port 58542
1585955589950	Marionette	WARN	TLS certificate errors will be ignored for this session
[Child 3592, Chrome_ChildThread] WARNING: pipe error: 232: file z:/task_1585902318/build/src/ipc/chromium/src/chrome/common/ipc_channel_win.cc, line 507
1585955614848	Marionette	INFO	Stopped listening on port 58542

###!!! [Child][RunMessage] Error: Channel closing: too late to send/recv, messages will be lost


###!!! [Child][MessageChannel::SendAndWait] Error: Channel error: cannot send/recv

1585955631363	mozrunner::runner	INFO	Running command: "C:\\Program Files\\Mozilla Firefox\\firefox.exe" "-marionette" "-foreground" "-no-remote" "-profile" "C:\\Users\\3mosh\\AppData\\Local\\Temp\\rust_mozprofiledz742F"
1585955631925	addons.webextension.doh-rollout@mozilla.org	WARN	Loading extension 'doh-rollout@mozilla.org': Reading manifest: Invalid extension permission: networkStatus
1585955633190	addons.webextension.screenshots@mozilla.org	WARN	Loading extension 'screenshots@mozilla.org': Reading manifest: Invalid extension permission: mozillaAddons
1585955633190	addons.webextension.screenshots@mozilla.org	WARN	Loading extension 'screenshots@mozilla.org': Reading manifest: Invalid extension permission: telemetry
1585955633191	addons.webextension.screenshots@mozilla.org	WARN	Loading extension 'screenshots@mozilla.org': Reading manifest: Invalid extension permission: resource://pdf.js/
1585955633191	addons.webextension.screenshots@mozilla.org	WARN	Loading extension 'screenshots@mozilla.org': Reading manifest: Invalid extension permission: about:reader*
JavaScript error: resource://gre/modules/XULStore.jsm, line 66: Error: Can't find profile directory.
1585955635397	Marionette	INFO	Listening on port 58605
1585955635510	Marionette	WARN	TLS certificate errors will be ignored for this session
1585955658842	Marionette	INFO	Stopped listening on port 58605

###!!! [Child][RunMessage] Error: Channel closing: too late to send/recv, messages will be lost


###!!! [Child][MessageChannel::SendAndWait] Error: Channel error: cannot send/recv

1585955666535	mozrunner::runner	INFO	Running command: "C:\\Program Files\\Mozilla Firefox\\firefox.exe" "-marionette" "-foreground" "-no-remote" "-profile" "C:\\Users\\3mosh\\AppData\\Local\\Temp\\rust_mozprofileO3LyNx"
1585955667221	addons.webextension.doh-rollout@mozilla.org	WARN	Loading extension 'doh-rollout@mozilla.org': Reading manifest: Invalid extension permission: networkStatus
1585955669154	addons.webextension.screenshots@mozilla.org	WARN	Loading extension 'screenshots@mozilla.org': Reading manifest: Invalid extension permission: mozillaAddons
1585955669154	addons.webextension.screenshots@mozilla.org	WARN	Loading extension 'screenshots@mozilla.org': Reading manifest: Invalid extension permission: telemetry
1585955669154	addons.webextension.screenshots@mozilla.org	WARN	Loading extension 'screenshots@mozilla.org': Reading manifest: Invalid extension permission: resource://pdf.js/
1585955669154	addons.webextension.screenshots@mozilla.org	WARN	Loading extension 'screenshots@mozilla.org': Reading manifest: Invalid extension permission: about:reader*
JavaScript error: resource://gre/modules/XULStore.jsm, line 66: Error: Can't find profile directory.
1585955671955	Marionette	INFO	Listening on port 58663
1585955672286	Marionette	WARN	TLS certificate errors will be ignored for this session
JavaScript warning: https://static.xx.fbcdn.net/rsrc.php/v3/y8/r/LAMwgfprqAE.js?_nc_x=MwkY_HISEE-, line 58: unreachable code after return statement
JavaScript warning: https://static.xx.fbcdn.net/rsrc.php/v3/y8/r/LAMwgfprqAE.js?_nc_x=MwkY_HISEE-, line 58: unreachable code after return statement
JavaScript warning: https://static.xx.fbcdn.net/rsrc.php/v3/y8/r/LAMwgfprqAE.js?_nc_x=MwkY_HISEE-, line 58: unreachable code after return statement
JavaScript warning: https://static.xx.fbcdn.net/rsrc.php/v3/y8/r/LAMwgfprqAE.js?_nc_x=MwkY_HISEE-, line 58: unreachable code after return statement
JavaScript warning: https://static.xx.fbcdn.net/rsrc.php/v3/y8/r/LAMwgfprqAE.js?_nc_x=MwkY_HISEE-, line 58: unreachable code after return statement
JavaScript warning: https://static.xx.fbcdn.net/rsrc.php/v3/y8/r/LAMwgfprqAE.js?_nc_x=MwkY_HISEE-, line 58: unreachable code after return statement
1585955748386	Marionette	INFO	Stopped listening on port 58663

###!!! [Child][RunMessage] Error: Channel closing: too late to send/recv, messages will be lost


###!!! [Child][MessageChannel::SendAndWait] Error: Channel error: cannot send/recv

1586015102448	mozrunner::runner	INFO	Running command: "C:\\Program Files\\Mozilla Firefox\\firefox.exe" "-marionette" "-foreground" "-no-remote" "-profile" "C:\\Users\\3mosh\\AppData\\Local\\Temp\\rust_mozprofilex5rQ8s"
1586015102943	addons.webextension.doh-rollout@mozilla.org	WARN	Loading extension 'doh-rollout@mozilla.org': Reading manifest: Invalid extension permission: networkStatus
1586015103915	addons.webextension.screenshots@mozilla.org	WARN	Loading extension 'screenshots@mozilla.org': Reading manifest: Invalid extension permission: mozillaAddons
1586015103915	addons.webextension.screenshots@mozilla.org	WARN	Loading extension 'screenshots@mozilla.org': Reading manifest: Invalid extension permission: telemetry
1586015103915	addons.webextension.screenshots@mozilla.org	WARN	Loading extension 'screenshots@mozilla.org': Reading manifest: Invalid extension permission: resource://pdf.js/
1586015103915	addons.webextension.screenshots@mozilla.org	WARN	Loading extension 'screenshots@mozilla.org': Reading manifest: Invalid extension permission: about:reader*
JavaScript error: resource://gre/modules/XULStore.jsm, line 66: Error: Can't find profile directory.
1586015106605	Marionette	INFO	Listening on port 60849
1586015106859	Marionette	WARN	TLS certificate errors will be ignored for this session
JavaScript warning: https://static.xx.fbcdn.net/rsrc.php/v3/y8/r/LAMwgfprqAE.js?_nc_x=MwkY_HISEE-, line 58: unreachable code after return statement
JavaScript warning: https://static.xx.fbcdn.net/rsrc.php/v3/y8/r/LAMwgfprqAE.js?_nc_x=MwkY_HISEE-, line 58: unreachable code after return statement
JavaScript warning: https://static.xx.fbcdn.net/rsrc.php/v3/y8/r/LAMwgfprqAE.js?_nc_x=MwkY_HISEE-, line 58: unreachable code after return statement
JavaScript warning: https://static.xx.fbcdn.net/rsrc.php/v3/y8/r/LAMwgfprqAE.js?_nc_x=MwkY_HISEE-, line 58: unreachable code after return statement
JavaScript warning: https://static.xx.fbcdn.net/rsrc.php/v3/y8/r/LAMwgfprqAE.js?_nc_x=MwkY_HISEE-, line 58: unreachable code after return statement
JavaScript warning: https://static.xx.fbcdn.net/rsrc.php/v3/y8/r/LAMwgfprqAE.js?_nc_x=MwkY_HISEE-, line 58: unreachable code after return statement
IPDL protocol error: Handler returned error code!

###!!! [Parent][DispatchAsyncMessage] Error: PLayerTransaction::Msg_ReleaseLayer Processing error: message was deserialized, but the handler returned false (indicating failure)

IPDL protocol error: Handler returned error code!

###!!! [Parent][DispatchAsyncMessage] Error: PLayerTransaction::Msg_ReleaseLayer Processing error: message was deserialized, but the handler returned false (indicating failure)

1586015174684	Marionette	INFO	Stopped listening on port 60849

###!!! [Child][RunMessage] Error: Channel closing: too late to send/recv, messages will be lost


###!!! [Child][MessageChannel::SendAndWait] Error: Channel error: cannot send/recv

1586015283133	mozrunner::runner	INFO	Running command: "C:\\Program Files\\Mozilla Firefox\\firefox.exe" "-marionette" "-foreground" "-no-remote" "-profile" "C:\\Users\\3mosh\\AppData\\Local\\Temp\\rust_mozprofileGOLE67"
1586015283758	addons.webextension.doh-rollout@mozilla.org	WARN	Loading extension 'doh-rollout@mozilla.org': Reading manifest: Invalid extension permission: networkStatus
1586015284860	addons.webextension.screenshots@mozilla.org	WARN	Loading extension 'screenshots@mozilla.org': Reading manifest: Invalid extension permission: mozillaAddons
1586015284860	addons.webextension.screenshots@mozilla.org	WARN	Loading extension 'screenshots@mozilla.org': Reading manifest: Invalid extension permission: telemetry
1586015284876	addons.webextension.screenshots@mozilla.org	WARN	Loading extension 'screenshots@mozilla.org': Reading manifest: Invalid extension permission: resource://pdf.js/
1586015284876	addons.webextension.screenshots@mozilla.org	WARN	Loading extension 'screenshots@mozilla.org': Reading manifest: Invalid extension permission: about:reader*
JavaScript error: resource://gre/modules/XULStore.jsm, line 66: Error: Can't find profile directory.
1586015287231	Marionette	INFO	Listening on port 60943
1586015287376	Marionette	WARN	TLS certificate errors will be ignored for this session
1586015298313	Marionette	INFO	Stopped listening on port 60943

###!!! [Child][RunMessage] Error: Channel closing: too late to send/recv, messages will be lost


###!!! [Child][MessageChannel::SendAndWait] Error: Channel error: cannot send/recv

1586015403691	mozrunner::runner	INFO	Running command: "C:\\Program Files\\Mozilla Firefox\\firefox.exe" "-marionette" "-foreground" "-no-remote" "-profile" "C:\\Users\\3mosh\\AppData\\Local\\Temp\\rust_mozprofileVGylY8"
1586015404146	addons.webextension.doh-rollout@mozilla.org	WARN	Loading extension 'doh-rollout@mozilla.org': Reading manifest: Invalid extension permission: networkStatus
1586015405151	addons.webextension.screenshots@mozilla.org	WARN	Loading extension 'screenshots@mozilla.org': Reading manifest: Invalid extension permission: mozillaAddons
1586015405151	addons.webextension.screenshots@mozilla.org	WARN	Loading extension 'screenshots@mozilla.org': Reading manifest: Invalid extension permission: telemetry
1586015405151	addons.webextension.screenshots@mozilla.org	WARN	Loading extension 'screenshots@mozilla.org': Reading manifest: Invalid extension permission: resource://pdf.js/
1586015405151	addons.webextension.screenshots@mozilla.org	WARN	Loading extension 'screenshots@mozilla.org': Reading manifest: Invalid extension permission: about:reader*
JavaScript error: resource://gre/modules/XULStore.jsm, line 66: Error: Can't find profile directory.
1586015406891	Marionette	INFO	Listening on port 60999
1586015406917	Marionette	WARN	TLS certificate errors will be ignored for this session
JavaScript warning: https://static.xx.fbcdn.net/rsrc.php/v3/y8/r/LAMwgfprqAE.js?_nc_x=MwkY_HISEE-, line 58: unreachable code after return statement
JavaScript warning: https://static.xx.fbcdn.net/rsrc.php/v3/y8/r/LAMwgfprqAE.js?_nc_x=MwkY_HISEE-, line 58: unreachable code after return statement
JavaScript warning: https://static.xx.fbcdn.net/rsrc.php/v3/y8/r/LAMwgfprqAE.js?_nc_x=MwkY_HISEE-, line 58: unreachable code after return statement
JavaScript warning: https://static.xx.fbcdn.net/rsrc.php/v3/y8/r/LAMwgfprqAE.js?_nc_x=MwkY_HISEE-, line 58: unreachable code after return statement
JavaScript warning: https://static.xx.fbcdn.net/rsrc.php/v3/y8/r/LAMwgfprqAE.js?_nc_x=MwkY_HISEE-, line 58: unreachable code after return statement
JavaScript warning: https://static.xx.fbcdn.net/rsrc.php/v3/y8/r/LAMwgfprqAE.js?_nc_x=MwkY_HISEE-, line 58: unreachable code after return statement
1586015464353	Marionette	INFO	Stopped listening on port 60999

###!!! [Child][MessageChannel::SendAndWait] Error: Channel error: cannot send/recv

1586015856446	mozrunner::runner	INFO	Running command: "C:\\Program Files\\Mozilla Firefox\\firefox.exe" "-marionette" "-foreground" "-no-remote" "-profile" "C:\\Users\\3mosh\\AppData\\Local\\Temp\\rust_mozprofileqivpa1"
1586015856930	addons.webextension.doh-rollout@mozilla.org	WARN	Loading extension 'doh-rollout@mozilla.org': Reading manifest: Invalid extension permission: networkStatus
1586015857991	addons.webextension.screenshots@mozilla.org	WARN	Loading extension 'screenshots@mozilla.org': Reading manifest: Invalid extension permission: mozillaAddons
1586015857991	addons.webextension.screenshots@mozilla.org	WARN	Loading extension 'screenshots@mozilla.org': Reading manifest: Invalid extension permission: telemetry
1586015857992	addons.webextension.screenshots@mozilla.org	WARN	Loading extension 'screenshots@mozilla.org': Reading manifest: Invalid extension permission: resource://pdf.js/
1586015857992	addons.webextension.screenshots@mozilla.org	WARN	Loading extension 'screenshots@mozilla.org': Reading manifest: Invalid extension permission: about:reader*
JavaScript error: resource://gre/modules/XULStore.jsm, line 66: Error: Can't find profile directory.
1586015860241	Marionette	INFO	Listening on port 61129
1586015860653	Marionette	WARN	TLS certificate errors will be ignored for this session
1586015870015	Marionette	INFO	Stopped listening on port 61129
1586015906501	mozrunner::runner	INFO	Running command: "C:\\Program Files\\Mozilla Firefox\\firefox.exe" "-marionette" "-foreground" "-no-remote" "-profile" "C:\\Users\\3mosh\\AppData\\Local\\Temp\\rust_mozprofileROtbLI"
1586015906990	addons.webextension.doh-rollout@mozilla.org	WARN	Loading extension 'doh-rollout@mozilla.org': Reading manifest: Invalid extension permission: networkStatus
1586015908028	addons.webextension.screenshots@mozilla.org	WARN	Loading extension 'screenshots@mozilla.org': Reading manifest: Invalid extension permission: mozillaAddons
1586015908029	addons.webextension.screenshots@mozilla.org	WARN	Loading extension 'screenshots@mozilla.org': Reading manifest: Invalid extension permission: telemetry
1586015908029	addons.webextension.screenshots@mozilla.org	WARN	Loading extension 'screenshots@mozilla.org': Reading manifest: Invalid extension permission: resource://pdf.js/
1586015908029	addons.webextension.screenshots@mozilla.org	WARN	Loading extension 'screenshots@mozilla.org': Reading manifest: Invalid extension permission: about:reader*
JavaScript error: resource://gre/modules/XULStore.jsm, line 66: Error: Can't find profile directory.
1586015910697	Marionette	INFO	Listening on port 61189
1586015910747	Marionette	WARN	TLS certificate errors will be ignored for this session
JavaScript warning: https://static.xx.fbcdn.net/rsrc.php/v3/y8/r/LAMwgfprqAE.js?_nc_x=MwkY_HISEE-, line 58: unreachable code after return statement
JavaScript warning: https://static.xx.fbcdn.net/rsrc.php/v3/y8/r/LAMwgfprqAE.js?_nc_x=MwkY_HISEE-, line 58: unreachable code after return statement
JavaScript warning: https://static.xx.fbcdn.net/rsrc.php/v3/y8/r/LAMwgfprqAE.js?_nc_x=MwkY_HISEE-, line 58: unreachable code after return statement
JavaScript warning: https://static.xx.fbcdn.net/rsrc.php/v3/y8/r/LAMwgfprqAE.js?_nc_x=MwkY_HISEE-, line 58: unreachable code after return statement
JavaScript warning: https://static.xx.fbcdn.net/rsrc.php/v3/y8/r/LAMwgfprqAE.js?_nc_x=MwkY_HISEE-, line 58: unreachable code after return statement
JavaScript warning: https://static.xx.fbcdn.net/rsrc.php/v3/y8/r/LAMwgfprqAE.js?_nc_x=MwkY_HISEE-, line 58: unreachable code after return statement
1586016012438	Marionette	INFO	Stopped listening on port 61189
IPDL protocol error: Handler returned error code!

###!!! [Parent][DispatchAsyncMessage] Error: PLayerTransaction::Msg_ReleaseLayer Processing error: message was deserialized, but the handler returned false (indicating failure)

IPDL protocol error: Handler returned error code!

###!!! [Parent][DispatchAsyncMessage] Error: PLayerTransaction::Msg_ReleaseLayer Processing error: message was deserialized, but the handler returned false (indicating failure)


###!!! [Child][RunMessage] Error: Channel closing: too late to send/recv, messages will be lost


###!!! [Child][MessageChannel::SendAndWait] Error: Channel error: cannot send/recv

1586016725331	mozrunner::runner	INFO	Running command: "C:\\Program Files\\Mozilla Firefox\\firefox.exe" "-marionette" "-foreground" "-no-remote" "-profile" "C:\\Users\\3mosh\\AppData\\Local\\Temp\\rust_mozprofileYeLJga"
1586016725986	addons.webextension.doh-rollout@mozilla.org	WARN	Loading extension 'doh-rollout@mozilla.org': Reading manifest: Invalid extension permission: networkStatus
1586016726927	addons.webextension.screenshots@mozilla.org	WARN	Loading extension 'screenshots@mozilla.org': Reading manifest: Invalid extension permission: mozillaAddons
1586016726927	addons.webextension.screenshots@mozilla.org	WARN	Loading extension 'screenshots@mozilla.org': Reading manifest: Invalid extension permission: telemetry
1586016726927	addons.webextension.screenshots@mozilla.org	WARN	Loading extension 'screenshots@mozilla.org': Reading manifest: Invalid extension permission: resource://pdf.js/
1586016726927	addons.webextension.screenshots@mozilla.org	WARN	Loading extension 'screenshots@mozilla.org': Reading manifest: Invalid extension permission: about:reader*
JavaScript error: resource://gre/modules/XULStore.jsm, line 66: Error: Can't find profile directory.
1586016728608	Marionette	INFO	Listening on port 61346
1586016729033	Marionette	WARN	TLS certificate errors will be ignored for this session
JavaScript warning: https://static.xx.fbcdn.net/rsrc.php/v3/y8/r/LAMwgfprqAE.js?_nc_x=MwkY_HISEE-, line 58: unreachable code after return statement
JavaScript warning: https://static.xx.fbcdn.net/rsrc.php/v3/y8/r/LAMwgfprqAE.js?_nc_x=MwkY_HISEE-, line 58: unreachable code after return statement
JavaScript warning: https://static.xx.fbcdn.net/rsrc.php/v3/y8/r/LAMwgfprqAE.js?_nc_x=MwkY_HISEE-, line 58: unreachable code after return statement
JavaScript warning: https://static.xx.fbcdn.net/rsrc.php/v3/y8/r/LAMwgfprqAE.js?_nc_x=MwkY_HISEE-, line 58: unreachable code after return statement
JavaScript warning: https://static.xx.fbcdn.net/rsrc.php/v3/y8/r/LAMwgfprqAE.js?_nc_x=MwkY_HISEE-, line 58: unreachable code after return statement
JavaScript warning: https://static.xx.fbcdn.net/rsrc.php/v3/y8/r/LAMwgfprqAE.js?_nc_x=MwkY_HISEE-, line 58: unreachable code after return statement
1586016835153	Marionette	INFO	Stopped listening on port 61346

###!!! [Child][RunMessage] Error: Channel closing: too late to send/recv, messages will be lost


###!!! [Child][MessageChannel::SendAndWait] Error: Channel error: cannot send/recv

1586017179339	mozrunner::runner	INFO	Running command: "C:\\Program Files\\Mozilla Firefox\\firefox.exe" "-marionette" "-foreground" "-no-remote" "-profile" "C:\\Users\\3mosh\\AppData\\Local\\Temp\\rust_mozprofile2WdBzt"
1586017179824	addons.webextension.doh-rollout@mozilla.org	WARN	Loading extension 'doh-rollout@mozilla.org': Reading manifest: Invalid extension permission: networkStatus
1586017181015	addons.webextension.screenshots@mozilla.org	WARN	Loading extension 'screenshots@mozilla.org': Reading manifest: Invalid extension permission: mozillaAddons
1586017181015	addons.webextension.screenshots@mozilla.org	WARN	Loading extension 'screenshots@mozilla.org': Reading manifest: Invalid extension permission: telemetry
1586017181015	addons.webextension.screenshots@mozilla.org	WARN	Loading extension 'screenshots@mozilla.org': Reading manifest: Invalid extension permission: resource://pdf.js/
1586017181015	addons.webextension.screenshots@mozilla.org	WARN	Loading extension 'screenshots@mozilla.org': Reading manifest: Invalid extension permission: about:reader*
JavaScript error: resource://gre/modules/XULStore.jsm, line 66: Error: Can't find profile directory.
1586017183270	Marionette	INFO	Listening on port 61455
1586017183455	Marionette	WARN	TLS certificate errors will be ignored for this session
JavaScript warning: https://static.xx.fbcdn.net/rsrc.php/v3/y8/r/LAMwgfprqAE.js?_nc_x=MwkY_HISEE-, line 58: unreachable code after return statement
JavaScript warning: https://static.xx.fbcdn.net/rsrc.php/v3/y8/r/LAMwgfprqAE.js?_nc_x=MwkY_HISEE-, line 58: unreachable code after return statement
JavaScript warning: https://static.xx.fbcdn.net/rsrc.php/v3/y8/r/LAMwgfprqAE.js?_nc_x=MwkY_HISEE-, line 58: unreachable code after return statement
JavaScript warning: https://static.xx.fbcdn.net/rsrc.php/v3/y8/r/LAMwgfprqAE.js?_nc_x=MwkY_HISEE-, line 58: unreachable code after return statement
JavaScript warning: https://static.xx.fbcdn.net/rsrc.php/v3/y8/r/LAMwgfprqAE.js?_nc_x=MwkY_HISEE-, line 58: unreachable code after return statement
JavaScript warning: https://static.xx.fbcdn.net/rsrc.php/v3/y8/r/LAMwgfprqAE.js?_nc_x=MwkY_HISEE-, line 58: unreachable code after return statement
1586017504283	Marionette	INFO	Stopped listening on port 61455
1586019593152	mozrunner::runner	INFO	Running command: "C:\\Program Files\\Mozilla Firefox\\firefox.exe" "-marionette" "-foreground" "-no-remote" "-profile" "C:\\Users\\3mosh\\AppData\\Local\\Temp\\rust_mozprofileKWPGVF"
1586019593804	addons.webextension.doh-rollout@mozilla.org	WARN	Loading extension 'doh-rollout@mozilla.org': Reading manifest: Invalid extension permission: networkStatus
1586019595117	addons.webextension.screenshots@mozilla.org	WARN	Loading extension 'screenshots@mozilla.org': Reading manifest: Invalid extension permission: mozillaAddons
1586019595118	addons.webextension.screenshots@mozilla.org	WARN	Loading extension 'screenshots@mozilla.org': Reading manifest: Invalid extension permission: telemetry
1586019595118	addons.webextension.screenshots@mozilla.org	WARN	Loading extension 'screenshots@mozilla.org': Reading manifest: Invalid extension permission: resource://pdf.js/
1586019595118	addons.webextension.screenshots@mozilla.org	WARN	Loading extension 'screenshots@mozilla.org': Reading manifest: Invalid extension permission: about:reader*
JavaScript error: resource://gre/modules/XULStore.jsm, line 66: Error: Can't find profile directory.
1586019597696	Marionette	INFO	Listening on port 61781
1586019597897	Marionette	WARN	TLS certificate errors will be ignored for this session
JavaScript warning: https://static.xx.fbcdn.net/rsrc.php/v3/y8/r/LAMwgfprqAE.js?_nc_x=MwkY_HISEE-, line 58: unreachable code after return statement
JavaScript warning: https://static.xx.fbcdn.net/rsrc.php/v3/y8/r/LAMwgfprqAE.js?_nc_x=MwkY_HISEE-, line 58: unreachable code after return statement
JavaScript warning: https://static.xx.fbcdn.net/rsrc.php/v3/y8/r/LAMwgfprqAE.js?_nc_x=MwkY_HISEE-, line 58: unreachable code after return statement
JavaScript warning: https://static.xx.fbcdn.net/rsrc.php/v3/y8/r/LAMwgfprqAE.js?_nc_x=MwkY_HISEE-, line 58: unreachable code after return statement
JavaScript warning: https://static.xx.fbcdn.net/rsrc.php/v3/y8/r/LAMwgfprqAE.js?_nc_x=MwkY_HISEE-, line 58: unreachable code after return statement
JavaScript warning: https://static.xx.fbcdn.net/rsrc.php/v3/y8/r/LAMwgfprqAE.js?_nc_x=MwkY_HISEE-, line 58: unreachable code after return statement
1586019657244	Marionette	WARN	TimedPromise timed out after 500 ms: stacktrace:
TimedPromise/<@chrome://marionette/content/sync.js:244:13
TimedPromise@chrome://marionette/content/sync.js:229:10
interaction.flushEventLoop@chrome://marionette/content/interaction.js:416:10
webdriverClickElement@chrome://marionette/content/interaction.js:182:31
1586019762330	Marionette	INFO	Stopped listening on port 61781

###!!! [Child][MessageChannel::SendAndWait] Error: Channel error: cannot send/recv

1586019865722	mozrunner::runner	INFO	Running command: "C:\\Program Files\\Mozilla Firefox\\firefox.exe" "-marionette" "-foreground" "-no-remote" "-profile" "C:\\Users\\3mosh\\AppData\\Local\\Temp\\rust_mozprofilemKtqTQ"
1586019866489	addons.webextension.doh-rollout@mozilla.org	WARN	Loading extension 'doh-rollout@mozilla.org': Reading manifest: Invalid extension permission: networkStatus
1586019868210	addons.webextension.screenshots@mozilla.org	WARN	Loading extension 'screenshots@mozilla.org': Reading manifest: Invalid extension permission: mozillaAddons
1586019868210	addons.webextension.screenshots@mozilla.org	WARN	Loading extension 'screenshots@mozilla.org': Reading manifest: Invalid extension permission: telemetry
1586019868211	addons.webextension.screenshots@mozilla.org	WARN	Loading extension 'screenshots@mozilla.org': Reading manifest: Invalid extension permission: resource://pdf.js/
1586019868211	addons.webextension.screenshots@mozilla.org	WARN	Loading extension 'screenshots@mozilla.org': Reading manifest: Invalid extension permission: about:reader*
JavaScript error: resource://gre/modules/XULStore.jsm, line 66: Error: Can't find profile directory.
1586019872660	Marionette	INFO	Listening on port 61869
1586019873281	Marionette	WARN	TLS certificate errors will be ignored for this session
JavaScript warning: https://static.xx.fbcdn.net/rsrc.php/v3/y8/r/LAMwgfprqAE.js?_nc_x=MwkY_HISEE-, line 58: unreachable code after return statement
JavaScript warning: https://static.xx.fbcdn.net/rsrc.php/v3/y8/r/LAMwgfprqAE.js?_nc_x=MwkY_HISEE-, line 58: unreachable code after return statement
JavaScript warning: https://static.xx.fbcdn.net/rsrc.php/v3/y8/r/LAMwgfprqAE.js?_nc_x=MwkY_HISEE-, line 58: unreachable code after return statement
JavaScript warning: https://static.xx.fbcdn.net/rsrc.php/v3/y8/r/LAMwgfprqAE.js?_nc_x=MwkY_HISEE-, line 58: unreachable code after return statement
JavaScript warning: https://static.xx.fbcdn.net/rsrc.php/v3/y8/r/LAMwgfprqAE.js?_nc_x=MwkY_HISEE-, line 58: unreachable code after return statement
JavaScript warning: https://static.xx.fbcdn.net/rsrc.php/v3/y8/r/LAMwgfprqAE.js?_nc_x=MwkY_HISEE-, line 58: unreachable code after return statement
1586019951754	Marionette	WARN	TimedPromise timed out after 500 ms: stacktrace:
TimedPromise/<@chrome://marionette/content/sync.js:244:13
TimedPromise@chrome://marionette/content/sync.js:229:10
interaction.flushEventLoop@chrome://marionette/content/interaction.js:416:10
webdriverClickElement@chrome://marionette/content/interaction.js:182:31
1586020052223	Marionette	INFO	Stopped listening on port 61869
IPDL protocol error: Handler returned error code!

###!!! [Parent][DispatchAsyncMessage] Error: PLayerTransaction::Msg_ReleaseLayer Processing error: message was deserialized, but the handler returned false (indicating failure)

IPDL protocol error: Handler returned error code!

###!!! [Parent][DispatchAsyncMessage] Error: PLayerTransaction::Msg_ReleaseLayer Processing error: message was deserialized, but the handler returned false (indicating failure)


###!!! [Child][RunMessage] Error: Channel closing: too late to send/recv, messages will be lost


###!!! [Child][MessageChannel::SendAndWait] Error: Channel error: cannot send/recv

1586020259523	mozrunner::runner	INFO	Running command: "C:\\Program Files\\Mozilla Firefox\\firefox.exe" "-marionette" "-foreground" "-no-remote" "-profile" "C:\\Users\\3mosh\\AppData\\Local\\Temp\\rust_mozprofileKA0KOX"
1586020262062	addons.webextension.doh-rollout@mozilla.org	WARN	Loading extension 'doh-rollout@mozilla.org': Reading manifest: Invalid extension permission: networkStatus
1586020264034	addons.webextension.screenshots@mozilla.org	WARN	Loading extension 'screenshots@mozilla.org': Reading manifest: Invalid extension permission: mozillaAddons
1586020264035	addons.webextension.screenshots@mozilla.org	WARN	Loading extension 'screenshots@mozilla.org': Reading manifest: Invalid extension permission: telemetry
1586020264035	addons.webextension.screenshots@mozilla.org	WARN	Loading extension 'screenshots@mozilla.org': Reading manifest: Invalid extension permission: resource://pdf.js/
1586020264035	addons.webextension.screenshots@mozilla.org	WARN	Loading extension 'screenshots@mozilla.org': Reading manifest: Invalid extension permission: about:reader*
JavaScript error: resource://gre/modules/XULStore.jsm, line 66: Error: Can't find profile directory.
1586020268249	Marionette	INFO	Listening on port 61998
1586020268525	Marionette	WARN	TLS certificate errors will be ignored for this session
JavaScript warning: https://static.xx.fbcdn.net/rsrc.php/v3/y8/r/LAMwgfprqAE.js?_nc_x=MwkY_HISEE-, line 58: unreachable code after return statement
JavaScript warning: https://static.xx.fbcdn.net/rsrc.php/v3/y8/r/LAMwgfprqAE.js?_nc_x=MwkY_HISEE-, line 58: unreachable code after return statement
JavaScript warning: https://static.xx.fbcdn.net/rsrc.php/v3/y8/r/LAMwgfprqAE.js?_nc_x=MwkY_HISEE-, line 58: unreachable code after return statement
JavaScript warning: https://static.xx.fbcdn.net/rsrc.php/v3/y8/r/LAMwgfprqAE.js?_nc_x=MwkY_HISEE-, line 58: unreachable code after return statement
JavaScript warning: https://static.xx.fbcdn.net/rsrc.php/v3/y8/r/LAMwgfprqAE.js?_nc_x=MwkY_HISEE-, line 58: unreachable code after return statement
JavaScript warning: https://static.xx.fbcdn.net/rsrc.php/v3/y8/r/LAMwgfprqAE.js?_nc_x=MwkY_HISEE-, line 58: unreachable code after return statement
1586020345161	Marionette	INFO	Stopped listening on port 61998

###!!! [Child][RunMessage] Error: Channel closing: too late to send/recv, messages will be lost


###!!! [Child][MessageChannel::SendAndWait] Error: Channel error: cannot send/recv

1586020373754	mozrunner::runner	INFO	Running command: "C:\\Program Files\\Mozilla Firefox\\firefox.exe" "-marionette" "-foreground" "-no-remote" "-profile" "C:\\Users\\3mosh\\AppData\\Local\\Temp\\rust_mozprofileN255Fp"
1586020374292	addons.webextension.doh-rollout@mozilla.org	WARN	Loading extension 'doh-rollout@mozilla.org': Reading manifest: Invalid extension permission: networkStatus
1586020375843	addons.webextension.screenshots@mozilla.org	WARN	Loading extension 'screenshots@mozilla.org': Reading manifest: Invalid extension permission: mozillaAddons
1586020375844	addons.webextension.screenshots@mozilla.org	WARN	Loading extension 'screenshots@mozilla.org': Reading manifest: Invalid extension permission: telemetry
1586020375844	addons.webextension.screenshots@mozilla.org	WARN	Loading extension 'screenshots@mozilla.org': Reading manifest: Invalid extension permission: resource://pdf.js/
1586020375844	addons.webextension.screenshots@mozilla.org	WARN	Loading extension 'screenshots@mozilla.org': Reading manifest: Invalid extension permission: about:reader*
JavaScript error: resource://gre/modules/XULStore.jsm, line 66: Error: Can't find profile directory.
1586020378466	Marionette	INFO	Listening on port 62098
1586020378546	Marionette	WARN	TLS certificate errors will be ignored for this session
JavaScript warning: https://static.xx.fbcdn.net/rsrc.php/v3/y8/r/LAMwgfprqAE.js?_nc_x=MwkY_HISEE-, line 58: unreachable code after return statement
JavaScript warning: https://static.xx.fbcdn.net/rsrc.php/v3/y8/r/LAMwgfprqAE.js?_nc_x=MwkY_HISEE-, line 58: unreachable code after return statement
JavaScript warning: https://static.xx.fbcdn.net/rsrc.php/v3/y8/r/LAMwgfprqAE.js?_nc_x=MwkY_HISEE-, line 58: unreachable code after return statement
JavaScript warning: https://static.xx.fbcdn.net/rsrc.php/v3/y8/r/LAMwgfprqAE.js?_nc_x=MwkY_HISEE-, line 58: unreachable code after return statement
JavaScript warning: https://static.xx.fbcdn.net/rsrc.php/v3/y8/r/LAMwgfprqAE.js?_nc_x=MwkY_HISEE-, line 58: unreachable code after return statement
JavaScript warning: https://static.xx.fbcdn.net/rsrc.php/v3/y8/r/LAMwgfprqAE.js?_nc_x=MwkY_HISEE-, line 58: unreachable code after return statement
1586021309147	Marionette	INFO	Stopped listening on port 62098

###!!! [Child][RunMessage] Error: Channel closing: too late to send/recv, messages will be lost


###!!! [Child][MessageChannel::SendAndWait] Error: Channel error: cannot send/recv

n.doh-rollout@mozilla.org	WARN	Loading extension 'doh-rollout@mozilla.org': Reading manifest: Invalid extension permission: networkStatus
1586020547681	addons.webextension.screenshots@mozilla.org	WARN	Loading extension 'screenshots@mozilla.org': Reading manifest: Invalid extension permission: mozillaAddons
1586020547681	addons.webextension.screenshots@mozilla.org	WARN	Loading extension 'screenshots@mozilla.org': Reading manifest: Invalid extension permission: telemetry
1586020547681	addons.webextension.screenshots@mozilla.org	WARN	Loading extension 'screenshots@mozilla.org': Reading manifest: Invalid extension permission: resource://pdf.js/
1586020547681	addons.webextension.screenshots@mozilla.org	WARN	Loading extension 'screenshots@mozilla.org': Reading manifest: Invalid extension permission: about:reader*
JavaScript error: resource://gre/modules/XULStore.jsm, line 66: Error: Can't find profile directory.
1586020550237	Marionette	INFO	Listening on port 62194
1586020550338	Marionette	WARN	TLS certificate errors will be ignored for this session
JavaScript warning: https://static.xx.fbcdn.net/rsrc.php/v3/y8/r/LAMwgfprqAE.js?_nc_x=MwkY_HISEE-, line 58: unreachable code after return statement
JavaScript warning: https://static.xx.fbcdn.net/rsrc.php/v3/y8/r/LAMwgfprqAE.js?_nc_x=MwkY_HISEE-, line 58: unreachable code after return statement
JavaScript warning: https://static.xx.fbcdn.net/rsrc.php/v3/y8/r/LAMwgfprqAE.js?_nc_x=MwkY_HISEE-, line 58: unreachable code after return statement
JavaScript warning: https://static.xx.fbcdn.net/rsrc.php/v3/y8/r/LAMwgfprqAE.js?_nc_x=MwkY_HISEE-, line 58: unreachable code after return statement
JavaScript warning: https://static.xx.fbcdn.net/rsrc.php/v3/y8/r/LAMwgfprqAE.js?_nc_x=MwkY_HISEE-, line 58: unreachable code after return statement
JavaScript warning: https://static.xx.fbcdn.net/rsrc.php/v3/y8/r/LAMwgfprqAE.js?_nc_x=MwkY_HISEE-, line 58: unreachable code after return statement
1586020628981	Marionette	INFO	Stopped listening on port 62194

###!!! [Child][RunMessage] Error: Channel closing: too late to send/recv, messages will be lost


###!!! [Child][MessageChannel::SendAndWait] Error: Channel error: cannot send/recv

1586020832041	mozrunner::runner	INFO	Running command: "C:\\Program Files\\Mozilla Firefox\\firefox.exe" "-marionette" "-foreground" "-no-remote" "-profile" "C:\\Users\\3mosh\\AppData\\Local\\Temp\\rust_mozprofile45Lhk2"
1586020835221	addons.webextension.doh-rollout@mozilla.org	WARN	Loading extension 'doh-rollout@mozilla.org': Reading manifest: Invalid extension permission: networkStatus
1586020837125	addons.webextension.screenshots@mozilla.org	WARN	Loading extension 'screenshots@mozilla.org': Reading manifest: Invalid extension permission: mozillaAddons
1586020837125	addons.webextension.screenshots@mozilla.org	WARN	Loading extension 'screenshots@mozilla.org': Reading manifest: Invalid extension permission: telemetry
1586020837126	addons.webextension.screenshots@mozilla.org	WARN	Loading extension 'screenshots@mozilla.org': Reading manifest: Invalid extension permission: resource://pdf.js/
1586020837126	addons.webextension.screenshots@mozilla.org	WARN	Loading extension 'screenshots@mozilla.org': Reading manifest: Invalid extension permission: about:reader*
JavaScript error: resource://gre/modules/XULStore.jsm, line 66: Error: Can't find profile directory.
1586020840059	Marionette	INFO	Listening on port 62299
1586020840425	Marionette	WARN	TLS certificate errors will be ignored for this session
1586020877479	Marionette	INFO	Stopped listening on port 62299

###!!! [Child][RunMessage] Error: Channel closing: too late to send/recv, messages will be lost

1586020896370	mozrunner::runner	INFO	Running command: "C:\\Program Files\\Mozilla Firefox\\firefox.exe" "-marionette" "-foreground" "-no-remote" "-profile" "C:\\Users\\3mosh\\AppData\\Local\\Temp\\rust_mozprofileXYUR6Z"
1586020897377	addons.webextension.doh-rollout@mozilla.org	WARN	Loading extension 'doh-rollout@mozilla.org': Reading manifest: Invalid extension permission: networkStatus
1586020900040	addons.webextension.screenshots@mozilla.org	WARN	Loading extension 'screenshots@mozilla.org': Reading manifest: Invalid extension permission: mozillaAddons
1586020900040	addons.webextension.screenshots@mozilla.org	WARN	Loading extension 'screenshots@mozilla.org': Reading manifest: Invalid extension permission: telemetry
1586020900040	addons.webextension.screenshots@mozilla.org	WARN	Loading extension 'screenshots@mozilla.org': Reading manifest: Invalid extension permission: resource://pdf.js/
1586020900040	addons.webextension.screenshots@mozilla.org	WARN	Loading extension 'screenshots@mozilla.org': Reading manifest: Invalid extension permission: about:reader*
JavaScript error: resource://gre/modules/XULStore.jsm, line 66: Error: Can't find profile directory.
1586020904822	Marionette	INFO	Listening on port 62368
1586020904860	Marionette	WARN	TLS certificate errors will be ignored for this session
JavaScript warning: https://static.xx.fbcdn.net/rsrc.php/v3/y8/r/LAMwgfprqAE.js?_nc_x=MwkY_HISEE-, line 58: unreachable code after return statement
JavaScript warning: https://static.xx.fbcdn.net/rsrc.php/v3/y8/r/LAMwgfprqAE.js?_nc_x=MwkY_HISEE-, line 58: unreachable code after return statement
JavaScript warning: https://static.xx.fbcdn.net/rsrc.php/v3/y8/r/LAMwgfprqAE.js?_nc_x=MwkY_HISEE-, line 58: unreachable code after return statement
JavaScript warning: https://static.xx.fbcdn.net/rsrc.php/v3/y8/r/LAMwgfprqAE.js?_nc_x=MwkY_HISEE-, line 58: unreachable code after return statement
JavaScript warning: https://static.xx.fbcdn.net/rsrc.php/v3/y8/r/LAMwgfprqAE.js?_nc_x=MwkY_HISEE-, line 58: unreachable code after return statement
JavaScript warning: https://static.xx.fbcdn.net/rsrc.php/v3/y8/r/LAMwgfprqAE.js?_nc_x=MwkY_HISEE-, line 58: unreachable code after return statement
1586020999187	Marionette	INFO	Stopped listening on port 62368

###!!! [Child][RunMessage] Error: Channel closing: too late to send/recv, messages will be lost


###!!! [Child][MessageChannel::SendAndWait] Error: Channel error: cannot send/recv

1586021342645	mozrunner::runner	INFO	Running command: "C:\\Program Files\\Mozilla Firefox\\firefox.exe" "-marionette" "-foreground" "-no-remote" "-profile" "C:\\Users\\3mosh\\AppData\\Local\\Temp\\rust_mozprofileGo7tTi"
1586021343573	addons.webextension.doh-rollout@mozilla.org	WARN	Loading extension 'doh-rollout@mozilla.org': Reading manifest: Invalid extension permission: networkStatus
1586021345820	addons.webextension.screenshots@mozilla.org	WARN	Loading extension 'screenshots@mozilla.org': Reading manifest: Invalid extension permission: mozillaAddons
1586021345820	addons.webextension.screenshots@mozilla.org	WARN	Loading extension 'screenshots@mozilla.org': Reading manifest: Invalid extension permission: telemetry
1586021345821	addons.webextension.screenshots@mozilla.org	WARN	Loading extension 'screenshots@mozilla.org': Reading manifest: Invalid extension permission: resource://pdf.js/
1586021345821	addons.webextension.screenshots@mozilla.org	WARN	Loading extension 'screenshots@mozilla.org': Reading manifest: Invalid extension permission: about:reader*
JavaScript error: resource://gre/modules/XULStore.jsm, line 66: Error: Can't find profile directory.
1586021349286	Marionette	INFO	Listening on port 62513
1586021350246	Marionette	WARN	TLS certificate errors will be ignored for this session
JavaScript warning: https://static.xx.fbcdn.net/rsrc.php/v3/y8/r/LAMwgfprqAE.js?_nc_x=MwkY_HISEE-, line 58: unreachable code after return statement
JavaScript warning: https://static.xx.fbcdn.net/rsrc.php/v3/y8/r/LAMwgfprqAE.js?_nc_x=MwkY_HISEE-, line 58: unreachable code after return statement
JavaScript warning: https://static.xx.fbcdn.net/rsrc.php/v3/y8/r/LAMwgfprqAE.js?_nc_x=MwkY_HISEE-, line 58: unreachable code after return statement
JavaScript warning: https://static.xx.fbcdn.net/rsrc.php/v3/y8/r/LAMwgfprqAE.js?_nc_x=MwkY_HISEE-, line 58: unreachable code after return statement
JavaScript warning: https://static.xx.fbcdn.net/rsrc.php/v3/y8/r/LAMwgfprqAE.js?_nc_x=MwkY_HISEE-, line 58: unreachable code after return statement
JavaScript warning: https://static.xx.fbcdn.net/rsrc.php/v3/y8/r/LAMwgfprqAE.js?_nc_x=MwkY_HISEE-, line 58: unreachable code after return statement
1586021409415	Marionette	WARN	TimedPromise timed out after 500 ms: stacktrace:
TimedPromise/<@chrome://marionette/content/sync.js:244:13
TimedPromise@chrome://marionette/content/sync.js:229:10
interaction.flushEventLoop@chrome://marionette/content/interaction.js:416:10
webdriverClickElement@chrome://marionette/content/interaction.js:182:31
1586021421467	Marionette	INFO	Stopped listening on port 62513

###!!! [Child][RunMessage] Error: Channel closing: too late to send/recv, messages will be lost


###!!! [Child][MessageChannel::SendAndWait] Error: Channel error: cannot send/recv

